{"/Users/anahitvardevanyan/Desktop/growth/src/App.tsx": {"path":"/Users/anahitvardevanyan/Desktop/growth/src/App.tsx","statementMap":{"0":{"start":{"line":10,"column":4},"end":{"line":20,"column":5}}},"fnMap":{"0":{"name":"App","decl":{"start":{"line":8,"column":9},"end":{"line":8,"column":12}},"loc":{"start":{"line":8,"column":15},"end":{"line":21,"column":1}},"line":8}},"branchMap":{},"s":{"0":0},"f":{"0":0},"b":{}}
,"/Users/anahitvardevanyan/Desktop/growth/src/main.tsx": {"path":"/Users/anahitvardevanyan/Desktop/growth/src/main.tsx","statementMap":{"0":{"start":{"line":6,"column":0},"end":{"line":10,"column":1}}},"fnMap":{},"branchMap":{},"s":{"0":0},"f":{},"b":{}}
,"/Users/anahitvardevanyan/Desktop/growth/src/components/AlertMessage/index.tsx": {"path":"/Users/anahitvardevanyan/Desktop/growth/src/components/AlertMessage/index.tsx","statementMap":{"0":{"start":{"line":7,"column":21},"end":{"line":20,"column":1}},"1":{"start":{"line":8,"column":4},"end":{"line":13,"column":11}},"2":{"start":{"line":9,"column":8},"end":{"line":12,"column":9}},"3":{"start":{"line":10,"column":26},"end":{"line":10,"column":60}},"4":{"start":{"line":10,"column":43},"end":{"line":10,"column":52}},"5":{"start":{"line":11,"column":12},"end":{"line":11,"column":45}},"6":{"start":{"line":11,"column":25},"end":{"line":11,"column":44}},"7":{"start":{"line":15,"column":4},"end":{"line":19,"column":6}}},"fnMap":{"0":{"name":"(anonymous_0)","decl":{"start":{"line":7,"column":21},"end":{"line":7,"column":22}},"loc":{"start":{"line":7,"column":104},"end":{"line":20,"column":1}},"line":7},"1":{"name":"(anonymous_1)","decl":{"start":{"line":8,"column":14},"end":{"line":8,"column":15}},"loc":{"start":{"line":8,"column":20},"end":{"line":13,"column":5}},"line":8},"2":{"name":"(anonymous_2)","decl":{"start":{"line":10,"column":37},"end":{"line":10,"column":38}},"loc":{"start":{"line":10,"column":43},"end":{"line":10,"column":52}},"line":10},"3":{"name":"(anonymous_3)","decl":{"start":{"line":11,"column":19},"end":{"line":11,"column":20}},"loc":{"start":{"line":11,"column":25},"end":{"line":11,"column":44}},"line":11}},"branchMap":{"0":{"loc":{"start":{"line":7,"column":24},"end":{"line":7,"column":35}},"type":"default-arg","locations":[{"start":{"line":7,"column":31},"end":{"line":7,"column":35}}],"line":7},"1":{"loc":{"start":{"line":7,"column":46},"end":{"line":7,"column":62}},"type":"default-arg","locations":[{"start":{"line":7,"column":53},"end":{"line":7,"column":62}}],"line":7},"2":{"loc":{"start":{"line":9,"column":8},"end":{"line":12,"column":9}},"type":"if","locations":[{"start":{"line":9,"column":8},"end":{"line":12,"column":9}},{"start":{},"end":{}}],"line":9}},"s":{"0":1,"1":9,"2":9,"3":8,"4":1,"5":8,"6":8,"7":9},"f":{"0":9,"1":9,"2":1,"3":8},"b":{"0":[0],"1":[0],"2":[8,1]},"_coverageSchema":"1a1c01bbd47fc00a2c39e90264f33305004495a9","hash":"f2f7a2764ea6fb61e224e5633a68b9db5c48bce0"}
,"/Users/anahitvardevanyan/Desktop/growth/src/components/Button/index.tsx": {"path":"/Users/anahitvardevanyan/Desktop/growth/src/components/Button/index.tsx","statementMap":{"0":{"start":{"line":7,"column":32},"end":{"line":14,"column":1}},"1":{"start":{"line":8,"column":4},"end":{"line":13,"column":6}}},"fnMap":{"0":{"name":"(anonymous_0)","decl":{"start":{"line":7,"column":32},"end":{"line":7,"column":33}},"loc":{"start":{"line":7,"column":99},"end":{"line":14,"column":1}},"line":7}},"branchMap":{"0":{"loc":{"start":{"line":7,"column":45},"end":{"line":7,"column":58}},"type":"default-arg","locations":[{"start":{"line":7,"column":53},"end":{"line":7,"column":58}}],"line":7},"1":{"loc":{"start":{"line":7,"column":69},"end":{"line":7,"column":82}},"type":"default-arg","locations":[{"start":{"line":7,"column":74},"end":{"line":7,"column":82}}],"line":7},"2":{"loc":{"start":{"line":11,"column":13},"end":{"line":11,"column":44}},"type":"binary-expr","locations":[{"start":{"line":11,"column":13},"end":{"line":11,"column":20}},{"start":{"line":11,"column":24},"end":{"line":11,"column":44}}],"line":11}},"s":{"0":1,"1":7},"f":{"0":7},"b":{"0":[0],"1":[0],"2":[7,2]},"_coverageSchema":"1a1c01bbd47fc00a2c39e90264f33305004495a9","hash":"3974bddec392599c7403022827e300762cb94afb"}
,"/Users/anahitvardevanyan/Desktop/growth/src/components/Card/index.tsx": {"path":"/Users/anahitvardevanyan/Desktop/growth/src/components/Card/index.tsx","statementMap":{"0":{"start":{"line":9,"column":35},"end":{"line":19,"column":1}},"1":{"start":{"line":10,"column":4},"end":{"line":18,"column":6}}},"fnMap":{"0":{"name":"(anonymous_0)","decl":{"start":{"line":9,"column":35},"end":{"line":9,"column":36}},"loc":{"start":{"line":9,"column":65},"end":{"line":19,"column":1}},"line":9}},"branchMap":{"0":{"loc":{"start":{"line":14,"column":12},"end":{"line":14,"column":72}},"type":"binary-expr","locations":[{"start":{"line":14,"column":12},"end":{"line":14,"column":19}},{"start":{"line":14,"column":22},"end":{"line":14,"column":72}}],"line":14}},"s":{"0":1,"1":3},"f":{"0":3},"b":{"0":[3,2]},"_coverageSchema":"1a1c01bbd47fc00a2c39e90264f33305004495a9","hash":"9184d7254621bd89e718d3dfbbc1fc3b948cd169"}
,"/Users/anahitvardevanyan/Desktop/growth/src/components/EmptyState/index.tsx": {"path":"/Users/anahitvardevanyan/Desktop/growth/src/components/EmptyState/index.tsx","statementMap":{"0":{"start":{"line":8,"column":47},"end":{"line":16,"column":1}},"1":{"start":{"line":9,"column":4},"end":{"line":15,"column":6}}},"fnMap":{"0":{"name":"(anonymous_0)","decl":{"start":{"line":8,"column":47},"end":{"line":8,"column":48}},"loc":{"start":{"line":8,"column":76},"end":{"line":16,"column":1}},"line":8}},"branchMap":{"0":{"loc":{"start":{"line":11,"column":13},"end":{"line":11,"column":95}},"type":"binary-expr","locations":[{"start":{"line":11,"column":13},"end":{"line":11,"column":17}},{"start":{"line":11,"column":21},"end":{"line":11,"column":95}}],"line":11},"1":{"loc":{"start":{"line":13,"column":13},"end":{"line":13,"column":52}},"type":"binary-expr","locations":[{"start":{"line":13,"column":13},"end":{"line":13,"column":19}},{"start":{"line":13,"column":23},"end":{"line":13,"column":52}}],"line":13}},"s":{"0":1,"1":4},"f":{"0":4},"b":{"0":[4,3],"1":[4,3]},"_coverageSchema":"1a1c01bbd47fc00a2c39e90264f33305004495a9","hash":"12ebef245fc68d934b318c6c24492e2b13062472"}
,"/Users/anahitvardevanyan/Desktop/growth/src/components/ErrorBoundery/index.tsx": {"path":"/Users/anahitvardevanyan/Desktop/growth/src/components/ErrorBoundery/index.tsx","statementMap":{"0":{"start":{"line":14,"column":8},"end":{"line":14,"column":21}},"1":{"start":{"line":15,"column":8},"end":{"line":15,"column":41}},"2":{"start":{"line":19,"column":8},"end":{"line":19,"column":34}},"3":{"start":{"line":23,"column":8},"end":{"line":23,"column":72}},"4":{"start":{"line":27,"column":8},"end":{"line":29,"column":9}},"5":{"start":{"line":28,"column":12},"end":{"line":28,"column":117}},"6":{"start":{"line":31,"column":8},"end":{"line":31,"column":35}}},"fnMap":{"0":{"name":"(anonymous_0)","decl":{"start":{"line":13,"column":4},"end":{"line":13,"column":5}},"loc":{"start":{"line":13,"column":43},"end":{"line":16,"column":5}},"line":13},"1":{"name":"(anonymous_1)","decl":{"start":{"line":18,"column":4},"end":{"line":18,"column":5}},"loc":{"start":{"line":18,"column":38},"end":{"line":20,"column":5}},"line":18},"2":{"name":"(anonymous_2)","decl":{"start":{"line":22,"column":4},"end":{"line":22,"column":5}},"loc":{"start":{"line":22,"column":64},"end":{"line":24,"column":5}},"line":22},"3":{"name":"(anonymous_3)","decl":{"start":{"line":26,"column":4},"end":{"line":26,"column":5}},"loc":{"start":{"line":26,"column":13},"end":{"line":32,"column":5}},"line":26}},"branchMap":{"0":{"loc":{"start":{"line":27,"column":8},"end":{"line":29,"column":9}},"type":"if","locations":[{"start":{"line":27,"column":8},"end":{"line":29,"column":9}},{"start":{},"end":{}}],"line":27}},"s":{"0":3,"1":3,"2":2,"3":1,"4":5,"5":2,"6":3},"f":{"0":3,"1":2,"2":1,"3":5},"b":{"0":[2,3]},"_coverageSchema":"1a1c01bbd47fc00a2c39e90264f33305004495a9","hash":"9ace48fde2dc2278e7ae39b57d221606977ae380"}
,"/Users/anahitvardevanyan/Desktop/growth/src/components/Grid/index.tsx": {"path":"/Users/anahitvardevanyan/Desktop/growth/src/components/Grid/index.tsx","statementMap":{"0":{"start":{"line":5,"column":40},"end":{"line":7,"column":1}},"1":{"start":{"line":6,"column":4},"end":{"line":6,"column":116}},"2":{"start":{"line":8,"column":40},"end":{"line":11,"column":1}},"3":{"start":{"line":9,"column":4},"end":{"line":10,"column":65}}},"fnMap":{"0":{"name":"(anonymous_0)","decl":{"start":{"line":5,"column":40},"end":{"line":5,"column":41}},"loc":{"start":{"line":5,"column":86},"end":{"line":7,"column":1}},"line":5},"1":{"name":"(anonymous_1)","decl":{"start":{"line":8,"column":40},"end":{"line":8,"column":41}},"loc":{"start":{"line":8,"column":101},"end":{"line":11,"column":1}},"line":8}},"branchMap":{},"s":{"0":2,"1":10,"2":2,"3":15},"f":{"0":10,"1":15},"b":{},"_coverageSchema":"1a1c01bbd47fc00a2c39e90264f33305004495a9","hash":"dcaac45423b20cf89fd1db6e71a511b564d534c1"}
,"/Users/anahitvardevanyan/Desktop/growth/src/components/Header/index.tsx": {"path":"/Users/anahitvardevanyan/Desktop/growth/src/components/Header/index.tsx","statementMap":{"0":{"start":{"line":4,"column":15},"end":{"line":10,"column":1}},"1":{"start":{"line":5,"column":4},"end":{"line":9,"column":6}}},"fnMap":{"0":{"name":"(anonymous_0)","decl":{"start":{"line":4,"column":15},"end":{"line":4,"column":16}},"loc":{"start":{"line":4,"column":21},"end":{"line":10,"column":1}},"line":4}},"branchMap":{},"s":{"0":1,"1":1},"f":{"0":1},"b":{},"_coverageSchema":"1a1c01bbd47fc00a2c39e90264f33305004495a9","hash":"6a0539562e20758ea8d2db168ac0f2143a785245"}
,"/Users/anahitvardevanyan/Desktop/growth/src/components/HighlitedText/index.tsx": {"path":"/Users/anahitvardevanyan/Desktop/growth/src/components/HighlitedText/index.tsx","statementMap":{"0":{"start":{"line":6,"column":57},"end":{"line":22,"column":1}},"1":{"start":{"line":7,"column":4},"end":{"line":7,"column":46}},"2":{"start":{"line":7,"column":27},"end":{"line":7,"column":46}},"3":{"start":{"line":9,"column":18},"end":{"line":9,"column":64}},"4":{"start":{"line":11,"column":4},"end":{"line":21,"column":6}},"5":{"start":{"line":14,"column":16},"end":{"line":18,"column":17}}},"fnMap":{"0":{"name":"(anonymous_0)","decl":{"start":{"line":6,"column":57},"end":{"line":6,"column":58}},"loc":{"start":{"line":6,"column":82},"end":{"line":22,"column":1}},"line":6},"1":{"name":"(anonymous_1)","decl":{"start":{"line":13,"column":23},"end":{"line":13,"column":24}},"loc":{"start":{"line":14,"column":16},"end":{"line":18,"column":17}},"line":14}},"branchMap":{"0":{"loc":{"start":{"line":7,"column":4},"end":{"line":7,"column":46}},"type":"if","locations":[{"start":{"line":7,"column":4},"end":{"line":7,"column":46}},{"start":{},"end":{}}],"line":7},"1":{"loc":{"start":{"line":14,"column":16},"end":{"line":18,"column":17}},"type":"cond-expr","locations":[{"start":{"line":15,"column":20},"end":{"line":15,"column":75}},{"start":{"line":17,"column":20},"end":{"line":17,"column":24}}],"line":14}},"s":{"0":1,"1":6,"2":2,"3":4,"4":4,"5":14},"f":{"0":6,"1":14},"b":{"0":[2,4],"1":[5,9]},"_coverageSchema":"1a1c01bbd47fc00a2c39e90264f33305004495a9","hash":"a165cfdeff0e8e69ca3a33d80c9c9aa79446709e"}
,"/Users/anahitvardevanyan/Desktop/growth/src/components/Icon/index.tsx": {"path":"/Users/anahitvardevanyan/Desktop/growth/src/components/Icon/index.tsx","statementMap":{"0":{"start":{"line":9,"column":29},"end":{"line":34,"column":1}},"1":{"start":{"line":20,"column":2},"end":{"line":33,"column":4}}},"fnMap":{"0":{"name":"(anonymous_0)","decl":{"start":{"line":9,"column":29},"end":{"line":9,"column":30}},"loc":{"start":{"line":19,"column":6},"end":{"line":34,"column":1}},"line":19}},"branchMap":{"0":{"loc":{"start":{"line":11,"column":2},"end":{"line":11,"column":11}},"type":"default-arg","locations":[{"start":{"line":11,"column":9},"end":{"line":11,"column":11}}],"line":11},"1":{"loc":{"start":{"line":13,"column":2},"end":{"line":13,"column":16}},"type":"default-arg","locations":[{"start":{"line":13,"column":14},"end":{"line":13,"column":16}}],"line":13},"2":{"loc":{"start":{"line":16,"column":2},"end":{"line":16,"column":17}},"type":"default-arg","locations":[{"start":{"line":16,"column":15},"end":{"line":16,"column":17}}],"line":16},"3":{"loc":{"start":{"line":21,"column":8},"end":{"line":32,"column":14}},"type":"cond-expr","locations":[{"start":{"line":21,"column":18},"end":{"line":21,"column":71}},{"start":{"line":22,"column":12},"end":{"line":32,"column":14}}],"line":21}},"s":{"0":9,"1":11},"f":{"0":11},"b":{"0":[0],"1":[0],"2":[9],"3":[1,10]},"_coverageSchema":"1a1c01bbd47fc00a2c39e90264f33305004495a9","hash":"63f3c52109bb3662fddef38399f946ccbdce22b3"}
,"/Users/anahitvardevanyan/Desktop/growth/src/components/Input/index.tsx": {"path":"/Users/anahitvardevanyan/Desktop/growth/src/components/Input/index.tsx","statementMap":{"0":{"start":{"line":6,"column":22},"end":{"line":8,"column":2}},"1":{"start":{"line":7,"column":4},"end":{"line":7,"column":42}},"2":{"start":{"line":10,"column":25},"end":{"line":12,"column":2}},"3":{"start":{"line":11,"column":4},"end":{"line":11,"column":45}}},"fnMap":{"0":{"name":"(anonymous_0)","decl":{"start":{"line":6,"column":64},"end":{"line":6,"column":65}},"loc":{"start":{"line":6,"column":80},"end":{"line":8,"column":1}},"line":6},"1":{"name":"(anonymous_1)","decl":{"start":{"line":10,"column":73},"end":{"line":10,"column":74}},"loc":{"start":{"line":10,"column":89},"end":{"line":12,"column":1}},"line":10}},"branchMap":{},"s":{"0":1,"1":2,"2":1,"3":2},"f":{"0":2,"1":2},"b":{},"_coverageSchema":"1a1c01bbd47fc00a2c39e90264f33305004495a9","hash":"6a558acecec72b81746c1d1721dcf0ab9f6423ad"}
,"/Users/anahitvardevanyan/Desktop/growth/src/components/Layout/index.tsx": {"path":"/Users/anahitvardevanyan/Desktop/growth/src/components/Layout/index.tsx","statementMap":{"0":{"start":{"line":7,"column":15},"end":{"line":26,"column":1}},"1":{"start":{"line":8,"column":21},"end":{"line":8,"column":34}},"2":{"start":{"line":9,"column":4},"end":{"line":25,"column":6}}},"fnMap":{"0":{"name":"(anonymous_0)","decl":{"start":{"line":7,"column":15},"end":{"line":7,"column":16}},"loc":{"start":{"line":7,"column":21},"end":{"line":26,"column":1}},"line":7}},"branchMap":{},"s":{"0":1,"1":1,"2":1},"f":{"0":1},"b":{},"_coverageSchema":"1a1c01bbd47fc00a2c39e90264f33305004495a9","hash":"da4da226d317af891d7bbb0a560533757d3fa946"}
,"/Users/anahitvardevanyan/Desktop/growth/src/components/Loading/index.tsx": {"path":"/Users/anahitvardevanyan/Desktop/growth/src/components/Loading/index.tsx","statementMap":{"0":{"start":{"line":5,"column":15},"end":{"line":7,"column":1}},"1":{"start":{"line":6,"column":4},"end":{"line":6,"column":99}}},"fnMap":{"0":{"name":"(anonymous_0)","decl":{"start":{"line":5,"column":15},"end":{"line":5,"column":16}},"loc":{"start":{"line":5,"column":67},"end":{"line":7,"column":1}},"line":5}},"branchMap":{"0":{"loc":{"start":{"line":5,"column":18},"end":{"line":5,"column":27}},"type":"default-arg","locations":[{"start":{"line":5,"column":25},"end":{"line":5,"column":27}}],"line":5},"1":{"loc":{"start":{"line":5,"column":29},"end":{"line":5,"column":45}},"type":"default-arg","locations":[{"start":{"line":5,"column":40},"end":{"line":5,"column":45}}],"line":5}},"s":{"0":7,"1":4},"f":{"0":4},"b":{"0":[3],"1":[3]},"_coverageSchema":"1a1c01bbd47fc00a2c39e90264f33305004495a9","hash":"a920f4fcdb51b2109821eff4aa5be08293042f6e"}
,"/Users/anahitvardevanyan/Desktop/growth/src/components/Navbar/index.tsx": {"path":"/Users/anahitvardevanyan/Desktop/growth/src/components/Navbar/index.tsx","statementMap":{"0":{"start":{"line":11,"column":25},"end":{"line":47,"column":1}},"1":{"start":{"line":12,"column":21},"end":{"line":12,"column":34}},"2":{"start":{"line":13,"column":40},"end":{"line":13,"column":61}},"3":{"start":{"line":14,"column":24},"end":{"line":16,"column":5}},"4":{"start":{"line":15,"column":8},"end":{"line":15,"column":28}},"5":{"start":{"line":17,"column":25},"end":{"line":19,"column":5}},"6":{"start":{"line":18,"column":8},"end":{"line":18,"column":29}},"7":{"start":{"line":20,"column":22},"end":{"line":22,"column":10}},"8":{"start":{"line":21,"column":8},"end":{"line":21,"column":48}},"9":{"start":{"line":21,"column":37},"end":{"line":21,"column":47}},"10":{"start":{"line":23,"column":4},"end":{"line":46,"column":6}},"11":{"start":{"line":25,"column":97},"end":{"line":25,"column":110}},"12":{"start":{"line":36,"column":20},"end":{"line":37,"column":55}}},"fnMap":{"0":{"name":"(anonymous_0)","decl":{"start":{"line":11,"column":25},"end":{"line":11,"column":26}},"loc":{"start":{"line":11,"column":31},"end":{"line":47,"column":1}},"line":11},"1":{"name":"(anonymous_1)","decl":{"start":{"line":14,"column":24},"end":{"line":14,"column":25}},"loc":{"start":{"line":14,"column":30},"end":{"line":16,"column":5}},"line":14},"2":{"name":"(anonymous_2)","decl":{"start":{"line":17,"column":25},"end":{"line":17,"column":26}},"loc":{"start":{"line":17,"column":31},"end":{"line":19,"column":5}},"line":17},"3":{"name":"(anonymous_3)","decl":{"start":{"line":20,"column":30},"end":{"line":20,"column":31}},"loc":{"start":{"line":20,"column":36},"end":{"line":22,"column":5}},"line":20},"4":{"name":"(anonymous_4)","decl":{"start":{"line":21,"column":29},"end":{"line":21,"column":30}},"loc":{"start":{"line":21,"column":37},"end":{"line":21,"column":47}},"line":21},"5":{"name":"(anonymous_5)","decl":{"start":{"line":25,"column":91},"end":{"line":25,"column":92}},"loc":{"start":{"line":25,"column":97},"end":{"line":25,"column":110}},"line":25},"6":{"name":"(anonymous_6)","decl":{"start":{"line":35,"column":31},"end":{"line":35,"column":32}},"loc":{"start":{"line":36,"column":20},"end":{"line":37,"column":55}},"line":36}},"branchMap":{},"s":{"0":0,"1":0,"2":0,"3":0,"4":0,"5":0,"6":0,"7":0,"8":0,"9":0,"10":0,"11":0,"12":0},"f":{"0":0,"1":0,"2":0,"3":0,"4":0,"5":0,"6":0},"b":{}}
,"/Users/anahitvardevanyan/Desktop/growth/src/components/Page/index.tsx": {"path":"/Users/anahitvardevanyan/Desktop/growth/src/components/Page/index.tsx","statementMap":{"0":{"start":{"line":10,"column":35},"end":{"line":30,"column":2}},"1":{"start":{"line":11,"column":21},"end":{"line":11,"column":34}},"2":{"start":{"line":13,"column":4},"end":{"line":29,"column":6}},"3":{"start":{"line":18,"column":52},"end":{"line":18,"column":64}}},"fnMap":{"0":{"name":"(anonymous_0)","decl":{"start":{"line":10,"column":40},"end":{"line":10,"column":41}},"loc":{"start":{"line":10,"column":95},"end":{"line":30,"column":1}},"line":10},"1":{"name":"(anonymous_1)","decl":{"start":{"line":18,"column":46},"end":{"line":18,"column":47}},"loc":{"start":{"line":18,"column":52},"end":{"line":18,"column":64}},"line":18}},"branchMap":{"0":{"loc":{"start":{"line":17,"column":21},"end":{"line":18,"column":116}},"type":"binary-expr","locations":[{"start":{"line":17,"column":21},"end":{"line":17,"column":31}},{"start":{"line":18,"column":24},"end":{"line":18,"column":116}}],"line":17},"1":{"loc":{"start":{"line":26,"column":17},"end":{"line":26,"column":59}},"type":"cond-expr","locations":[{"start":{"line":26,"column":29},"end":{"line":26,"column":48}},{"start":{"line":26,"column":51},"end":{"line":26,"column":59}}],"line":26}},"s":{"0":0,"1":0,"2":0,"3":0},"f":{"0":0,"1":0},"b":{"0":[0,0],"1":[0,0]}}
,"/Users/anahitvardevanyan/Desktop/growth/src/components/Pagination/index.tsx": {"path":"/Users/anahitvardevanyan/Desktop/growth/src/components/Pagination/index.tsx","statementMap":{"0":{"start":{"line":9,"column":47},"end":{"line":69,"column":1}},"1":{"start":{"line":17,"column":28},"end":{"line":22,"column":6}},"2":{"start":{"line":24,"column":4},"end":{"line":26,"column":5}},"3":{"start":{"line":25,"column":8},"end":{"line":25,"column":20}},"4":{"start":{"line":28,"column":19},"end":{"line":30,"column":5}},"5":{"start":{"line":29,"column":8},"end":{"line":29,"column":38}},"6":{"start":{"line":32,"column":23},"end":{"line":34,"column":5}},"7":{"start":{"line":33,"column":8},"end":{"line":33,"column":38}},"8":{"start":{"line":36,"column":21},"end":{"line":36,"column":64}},"9":{"start":{"line":37,"column":4},"end":{"line":68,"column":6}},"10":{"start":{"line":47,"column":16},"end":{"line":49,"column":17}},"11":{"start":{"line":48,"column":20},"end":{"line":48,"column":62}},"12":{"start":{"line":51,"column":16},"end":{"line":59,"column":18}},"13":{"start":{"line":54,"column":39},"end":{"line":54,"column":73}}},"fnMap":{"0":{"name":"(anonymous_0)","decl":{"start":{"line":9,"column":47},"end":{"line":9,"column":48}},"loc":{"start":{"line":16,"column":54},"end":{"line":69,"column":1}},"line":16},"1":{"name":"(anonymous_1)","decl":{"start":{"line":28,"column":19},"end":{"line":28,"column":20}},"loc":{"start":{"line":28,"column":25},"end":{"line":30,"column":5}},"line":28},"2":{"name":"(anonymous_2)","decl":{"start":{"line":32,"column":23},"end":{"line":32,"column":24}},"loc":{"start":{"line":32,"column":29},"end":{"line":34,"column":5}},"line":32},"3":{"name":"(anonymous_3)","decl":{"start":{"line":46,"column":33},"end":{"line":46,"column":34}},"loc":{"start":{"line":46,"column":56},"end":{"line":60,"column":13}},"line":46},"4":{"name":"(anonymous_4)","decl":{"start":{"line":54,"column":33},"end":{"line":54,"column":34}},"loc":{"start":{"line":54,"column":39},"end":{"line":54,"column":73}},"line":54}},"branchMap":{"0":{"loc":{"start":{"line":12,"column":52},"end":{"line":12,"column":68}},"type":"default-arg","locations":[{"start":{"line":12,"column":67},"end":{"line":12,"column":68}}],"line":12},"1":{"loc":{"start":{"line":24,"column":4},"end":{"line":26,"column":5}},"type":"if","locations":[{"start":{"line":24,"column":4},"end":{"line":26,"column":5}},{"start":{},"end":{}}],"line":24},"2":{"loc":{"start":{"line":24,"column":8},"end":{"line":24,"column":76}},"type":"binary-expr","locations":[{"start":{"line":24,"column":8},"end":{"line":24,"column":25}},{"start":{"line":24,"column":29},"end":{"line":24,"column":45}},{"start":{"line":24,"column":49},"end":{"line":24,"column":76}}],"line":24},"3":{"loc":{"start":{"line":47,"column":16},"end":{"line":49,"column":17}},"type":"if","locations":[{"start":{"line":47,"column":16},"end":{"line":49,"column":17}},{"start":{},"end":{}}],"line":47}},"s":{"0":9,"1":0,"2":0,"3":0,"4":0,"5":0,"6":0,"7":0,"8":0,"9":0,"10":0,"11":0,"12":0,"13":0},"f":{"0":0,"1":0,"2":0,"3":0,"4":0},"b":{"0":[0],"1":[0,0],"2":[0,0,0],"3":[0,0]},"_coverageSchema":"1a1c01bbd47fc00a2c39e90264f33305004495a9","hash":"8f000043d80f86672cbb0f99335d6c97b8414f65"}
,"/Users/anahitvardevanyan/Desktop/growth/src/components/Pagination/PaginationHooks/usePagination.tsx": {"path":"/Users/anahitvardevanyan/Desktop/growth/src/components/Pagination/PaginationHooks/usePagination.tsx","statementMap":{"0":{"start":{"line":3,"column":20},"end":{"line":3,"column":25}},"1":{"start":{"line":5,"column":14},"end":{"line":8,"column":1}},"2":{"start":{"line":6,"column":19},"end":{"line":6,"column":34}},"3":{"start":{"line":7,"column":4},"end":{"line":7,"column":59}},"4":{"start":{"line":7,"column":46},"end":{"line":7,"column":57}},"5":{"start":{"line":17,"column":29},"end":{"line":65,"column":1}},"6":{"start":{"line":23,"column":4},"end":{"line":64,"column":58}},"7":{"start":{"line":24,"column":31},"end":{"line":24,"column":63}},"8":{"start":{"line":25,"column":33},"end":{"line":25,"column":49}},"9":{"start":{"line":27,"column":8},"end":{"line":29,"column":9}},"10":{"start":{"line":28,"column":12},"end":{"line":28,"column":44}},"11":{"start":{"line":31,"column":33},"end":{"line":31,"column":72}},"12":{"start":{"line":32,"column":34},"end":{"line":35,"column":9}},"13":{"start":{"line":37,"column":35},"end":{"line":37,"column":55}},"14":{"start":{"line":38,"column":36},"end":{"line":38,"column":74}},"15":{"start":{"line":40,"column":31},"end":{"line":40,"column":32}},"16":{"start":{"line":41,"column":30},"end":{"line":41,"column":44}},"17":{"start":{"line":43,"column":8},"end":{"line":48,"column":9}},"18":{"start":{"line":44,"column":34},"end":{"line":44,"column":54}},"19":{"start":{"line":45,"column":30},"end":{"line":45,"column":53}},"20":{"start":{"line":47,"column":12},"end":{"line":47,"column":56}},"21":{"start":{"line":50,"column":8},"end":{"line":58,"column":9}},"22":{"start":{"line":51,"column":35},"end":{"line":51,"column":55}},"23":{"start":{"line":52,"column":31},"end":{"line":55,"column":13}},"24":{"start":{"line":57,"column":12},"end":{"line":57,"column":57}},"25":{"start":{"line":60,"column":8},"end":{"line":63,"column":9}},"26":{"start":{"line":61,"column":32},"end":{"line":61,"column":74}},"27":{"start":{"line":62,"column":12},"end":{"line":62,"column":79}}},"fnMap":{"0":{"name":"(anonymous_0)","decl":{"start":{"line":5,"column":14},"end":{"line":5,"column":15}},"loc":{"start":{"line":5,"column":46},"end":{"line":8,"column":1}},"line":5},"1":{"name":"(anonymous_1)","decl":{"start":{"line":7,"column":34},"end":{"line":7,"column":35}},"loc":{"start":{"line":7,"column":46},"end":{"line":7,"column":57}},"line":7},"2":{"name":"(anonymous_2)","decl":{"start":{"line":17,"column":29},"end":{"line":17,"column":30}},"loc":{"start":{"line":22,"column":57},"end":{"line":65,"column":1}},"line":22},"3":{"name":"(anonymous_3)","decl":{"start":{"line":23,"column":19},"end":{"line":23,"column":20}},"loc":{"start":{"line":23,"column":25},"end":{"line":64,"column":5}},"line":23}},"branchMap":{"0":{"loc":{"start":{"line":20,"column":34},"end":{"line":20,"column":50}},"type":"default-arg","locations":[{"start":{"line":20,"column":49},"end":{"line":20,"column":50}}],"line":20},"1":{"loc":{"start":{"line":27,"column":8},"end":{"line":29,"column":9}},"type":"if","locations":[{"start":{"line":27,"column":8},"end":{"line":29,"column":9}},{"start":{},"end":{}}],"line":27},"2":{"loc":{"start":{"line":43,"column":8},"end":{"line":48,"column":9}},"type":"if","locations":[{"start":{"line":43,"column":8},"end":{"line":48,"column":9}},{"start":{},"end":{}}],"line":43},"3":{"loc":{"start":{"line":43,"column":12},"end":{"line":43,"column":54}},"type":"binary-expr","locations":[{"start":{"line":43,"column":12},"end":{"line":43,"column":31}},{"start":{"line":43,"column":35},"end":{"line":43,"column":54}}],"line":43},"4":{"loc":{"start":{"line":50,"column":8},"end":{"line":58,"column":9}},"type":"if","locations":[{"start":{"line":50,"column":8},"end":{"line":58,"column":9}},{"start":{},"end":{}}],"line":50},"5":{"loc":{"start":{"line":50,"column":12},"end":{"line":50,"column":54}},"type":"binary-expr","locations":[{"start":{"line":50,"column":12},"end":{"line":50,"column":30}},{"start":{"line":50,"column":34},"end":{"line":50,"column":54}}],"line":50},"6":{"loc":{"start":{"line":60,"column":8},"end":{"line":63,"column":9}},"type":"if","locations":[{"start":{"line":60,"column":8},"end":{"line":63,"column":9}},{"start":{},"end":{}}],"line":60},"7":{"loc":{"start":{"line":60,"column":12},"end":{"line":60,"column":53}},"type":"binary-expr","locations":[{"start":{"line":60,"column":12},"end":{"line":60,"column":30}},{"start":{"line":60,"column":34},"end":{"line":60,"column":53}}],"line":60}},"s":{"0":9,"1":9,"2":0,"3":0,"4":0,"5":9,"6":0,"7":0,"8":0,"9":0,"10":0,"11":0,"12":0,"13":0,"14":0,"15":0,"16":0,"17":0,"18":0,"19":0,"20":0,"21":0,"22":0,"23":0,"24":0,"25":0,"26":0,"27":0},"f":{"0":0,"1":0,"2":0,"3":0},"b":{"0":[0],"1":[0,0],"2":[0,0],"3":[0,0],"4":[0,0],"5":[0,0],"6":[0,0],"7":[0,0]},"_coverageSchema":"1a1c01bbd47fc00a2c39e90264f33305004495a9","hash":"9be18030579187aa4ad05b0c3f7b9df9be9c59e9"}
,"/Users/anahitvardevanyan/Desktop/growth/src/components/Popup/index.tsx": {"path":"/Users/anahitvardevanyan/Desktop/growth/src/components/Popup/index.tsx","statementMap":{"0":{"start":{"line":9,"column":37},"end":{"line":29,"column":1}},"1":{"start":{"line":10,"column":4},"end":{"line":28,"column":6}}},"fnMap":{"0":{"name":"(anonymous_0)","decl":{"start":{"line":9,"column":37},"end":{"line":9,"column":38}},"loc":{"start":{"line":9,"column":120},"end":{"line":29,"column":1}},"line":9}},"branchMap":{"0":{"loc":{"start":{"line":14,"column":21},"end":{"line":14,"column":64}},"type":"binary-expr","locations":[{"start":{"line":14,"column":21},"end":{"line":14,"column":26}},{"start":{"line":14,"column":30},"end":{"line":14,"column":64}}],"line":14}},"s":{"0":0,"1":0},"f":{"0":0},"b":{"0":[0,0]}}
,"/Users/anahitvardevanyan/Desktop/growth/src/components/Table/index.tsx": {"path":"/Users/anahitvardevanyan/Desktop/growth/src/components/Table/index.tsx","statementMap":{"0":{"start":{"line":10,"column":14},"end":{"line":43,"column":1}},"1":{"start":{"line":23,"column":23},"end":{"line":23,"column":52}},"2":{"start":{"line":24,"column":25},"end":{"line":24,"column":81}},"3":{"start":{"line":25,"column":26},"end":{"line":25,"column":98}},"4":{"start":{"line":27,"column":4},"end":{"line":42,"column":6}}},"fnMap":{"0":{"name":"(anonymous_0)","decl":{"start":{"line":10,"column":14},"end":{"line":10,"column":15}},"loc":{"start":{"line":22,"column":42},"end":{"line":43,"column":1}},"line":22}},"branchMap":{"0":{"loc":{"start":{"line":17,"column":24},"end":{"line":17,"column":37}},"type":"default-arg","locations":[{"start":{"line":17,"column":35},"end":{"line":17,"column":37}}],"line":17}},"s":{"0":0,"1":0,"2":0,"3":0,"4":0},"f":{"0":0},"b":{"0":[0]}}
,"/Users/anahitvardevanyan/Desktop/growth/src/components/Table/TableBody/index.tsx": {"path":"/Users/anahitvardevanyan/Desktop/growth/src/components/Table/TableBody/index.tsx","statementMap":{"0":{"start":{"line":9,"column":18},"end":{"line":42,"column":1}},"1":{"start":{"line":10,"column":20},"end":{"line":39,"column":43}},"2":{"start":{"line":11,"column":8},"end":{"line":19,"column":9}},"3":{"start":{"line":12,"column":12},"end":{"line":18,"column":14}},"4":{"start":{"line":21,"column":8},"end":{"line":29,"column":9}},"5":{"start":{"line":22,"column":12},"end":{"line":28,"column":14}},"6":{"start":{"line":31,"column":8},"end":{"line":38,"column":11}},"7":{"start":{"line":32,"column":12},"end":{"line":37,"column":14}},"8":{"start":{"line":41,"column":4},"end":{"line":41,"column":46}},"9":{"start":{"line":46,"column":33},"end":{"line":46,"column":48}}},"fnMap":{"0":{"name":"(anonymous_0)","decl":{"start":{"line":9,"column":18},"end":{"line":9,"column":19}},"loc":{"start":{"line":9,"column":85},"end":{"line":42,"column":1}},"line":9},"1":{"name":"(anonymous_1)","decl":{"start":{"line":10,"column":28},"end":{"line":10,"column":29}},"loc":{"start":{"line":10,"column":34},"end":{"line":39,"column":5}},"line":10},"2":{"name":"(anonymous_2)","decl":{"start":{"line":31,"column":24},"end":{"line":31,"column":25}},"loc":{"start":{"line":32,"column":12},"end":{"line":37,"column":14}},"line":32}},"branchMap":{"0":{"loc":{"start":{"line":11,"column":8},"end":{"line":19,"column":9}},"type":"if","locations":[{"start":{"line":11,"column":8},"end":{"line":19,"column":9}},{"start":{},"end":{}}],"line":11},"1":{"loc":{"start":{"line":11,"column":12},"end":{"line":11,"column":40}},"type":"binary-expr","locations":[{"start":{"line":11,"column":12},"end":{"line":11,"column":19}},{"start":{"line":11,"column":23},"end":{"line":11,"column":40}}],"line":11},"2":{"loc":{"start":{"line":21,"column":8},"end":{"line":29,"column":9}},"type":"if","locations":[{"start":{"line":21,"column":8},"end":{"line":29,"column":9}},{"start":{},"end":{}}],"line":21},"3":{"loc":{"start":{"line":25,"column":43},"end":{"line":25,"column":72}},"type":"binary-expr","locations":[{"start":{"line":25,"column":43},"end":{"line":25,"column":52}},{"start":{"line":25,"column":56},"end":{"line":25,"column":72}}],"line":25}},"s":{"0":0,"1":0,"2":0,"3":0,"4":0,"5":0,"6":0,"7":0,"8":0,"9":0},"f":{"0":0,"1":0,"2":0},"b":{"0":[0,0],"1":[0,0],"2":[0,0],"3":[0,0]}}
,"/Users/anahitvardevanyan/Desktop/growth/src/components/Table/TableHeader/index.tsx": {"path":"/Users/anahitvardevanyan/Desktop/growth/src/components/Table/TableHeader/index.tsx","statementMap":{"0":{"start":{"line":8,"column":20},"end":{"line":50,"column":2}},"1":{"start":{"line":9,"column":23},"end":{"line":15,"column":5}},"2":{"start":{"line":10,"column":40},"end":{"line":10,"column":45}},"3":{"start":{"line":11,"column":8},"end":{"line":13,"column":9}},"4":{"start":{"line":12,"column":12},"end":{"line":12,"column":31}},"5":{"start":{"line":14,"column":8},"end":{"line":14,"column":55}},"6":{"start":{"line":17,"column":4},"end":{"line":49,"column":6}},"7":{"start":{"line":21,"column":20},"end":{"line":44,"column":39}},"8":{"start":{"line":25,"column":39},"end":{"line":25,"column":91}}},"fnMap":{"0":{"name":"(anonymous_0)","decl":{"start":{"line":8,"column":25},"end":{"line":8,"column":26}},"loc":{"start":{"line":8,"column":93},"end":{"line":50,"column":1}},"line":8},"1":{"name":"(anonymous_1)","decl":{"start":{"line":9,"column":23},"end":{"line":9,"column":24}},"loc":{"start":{"line":9,"column":41},"end":{"line":15,"column":5}},"line":9},"2":{"name":"(anonymous_2)","decl":{"start":{"line":20,"column":29},"end":{"line":20,"column":30}},"loc":{"start":{"line":21,"column":20},"end":{"line":44,"column":39}},"line":21},"3":{"name":"(anonymous_3)","decl":{"start":{"line":25,"column":33},"end":{"line":25,"column":34}},"loc":{"start":{"line":25,"column":39},"end":{"line":25,"column":91}},"line":25}},"branchMap":{"0":{"loc":{"start":{"line":11,"column":8},"end":{"line":13,"column":9}},"type":"if","locations":[{"start":{"line":11,"column":8},"end":{"line":13,"column":9}},{"start":{},"end":{}}],"line":11},"1":{"loc":{"start":{"line":11,"column":12},"end":{"line":11,"column":82}},"type":"binary-expr","locations":[{"start":{"line":11,"column":12},"end":{"line":11,"column":22}},{"start":{"line":11,"column":26},"end":{"line":11,"column":48}},{"start":{"line":11,"column":52},"end":{"line":11,"column":82}}],"line":11},"2":{"loc":{"start":{"line":14,"column":8},"end":{"line":14,"column":54}},"type":"binary-expr","locations":[{"start":{"line":14,"column":8},"end":{"line":14,"column":20}},{"start":{"line":14,"column":24},"end":{"line":14,"column":54}}],"line":14},"3":{"loc":{"start":{"line":25,"column":39},"end":{"line":25,"column":91}},"type":"binary-expr","locations":[{"start":{"line":25,"column":39},"end":{"line":25,"column":54}},{"start":{"line":25,"column":58},"end":{"line":25,"column":91}}],"line":25},"4":{"loc":{"start":{"line":28,"column":25},"end":{"line":43,"column":25}},"type":"cond-expr","locations":[{"start":{"line":29,"column":28},"end":{"line":35,"column":35}},{"start":{"line":37,"column":28},"end":{"line":42,"column":29}}],"line":28},"5":{"loc":{"start":{"line":28,"column":25},"end":{"line":28,"column":68}},"type":"binary-expr","locations":[{"start":{"line":28,"column":25},"end":{"line":28,"column":35}},{"start":{"line":28,"column":39},"end":{"line":28,"column":68}}],"line":28},"6":{"loc":{"start":{"line":30,"column":33},"end":{"line":34,"column":33}},"type":"cond-expr","locations":[{"start":{"line":31,"column":36},"end":{"line":31,"column":80}},{"start":{"line":33,"column":36},"end":{"line":33,"column":82}}],"line":30},"7":{"loc":{"start":{"line":37,"column":28},"end":{"line":42,"column":29}},"type":"binary-expr","locations":[{"start":{"line":37,"column":28},"end":{"line":37,"column":43}},{"start":{"line":38,"column":32},"end":{"line":41,"column":39}}],"line":37}},"s":{"0":0,"1":0,"2":0,"3":0,"4":0,"5":0,"6":0,"7":0,"8":0},"f":{"0":0,"1":0,"2":0,"3":0},"b":{"0":[0,0],"1":[0,0,0],"2":[0,0],"3":[0,0],"4":[0,0],"5":[0,0],"6":[0,0],"7":[0,0]}}
,"/Users/anahitvardevanyan/Desktop/growth/src/components/Table/TableHooks/useFilterData.ts": {"path":"/Users/anahitvardevanyan/Desktop/growth/src/components/Table/TableHooks/useFilterData.ts","statementMap":{"0":{"start":{"line":3,"column":28},"end":{"line":21,"column":1}},"1":{"start":{"line":4,"column":44},"end":{"line":4,"column":63}},"2":{"start":{"line":6,"column":4},"end":{"line":18,"column":40}},"3":{"start":{"line":7,"column":8},"end":{"line":17,"column":9}},"4":{"start":{"line":8,"column":37},"end":{"line":8,"column":62}},"5":{"start":{"line":9,"column":29},"end":{"line":13,"column":13}},"6":{"start":{"line":10,"column":16},"end":{"line":12,"column":17}},"7":{"start":{"line":11,"column":20},"end":{"line":11,"column":78}},"8":{"start":{"line":14,"column":12},"end":{"line":14,"column":38}},"9":{"start":{"line":16,"column":12},"end":{"line":16,"column":34}},"10":{"start":{"line":20,"column":4},"end":{"line":20,"column":24}}},"fnMap":{"0":{"name":"(anonymous_0)","decl":{"start":{"line":3,"column":28},"end":{"line":3,"column":29}},"loc":{"start":{"line":3,"column":93},"end":{"line":21,"column":1}},"line":3},"1":{"name":"(anonymous_1)","decl":{"start":{"line":6,"column":14},"end":{"line":6,"column":15}},"loc":{"start":{"line":6,"column":20},"end":{"line":18,"column":5}},"line":6},"2":{"name":"(anonymous_2)","decl":{"start":{"line":9,"column":41},"end":{"line":9,"column":42}},"loc":{"start":{"line":10,"column":16},"end":{"line":12,"column":17}},"line":10},"3":{"name":"(anonymous_3)","decl":{"start":{"line":10,"column":32},"end":{"line":10,"column":33}},"loc":{"start":{"line":11,"column":20},"end":{"line":11,"column":78}},"line":11}},"branchMap":{"0":{"loc":{"start":{"line":7,"column":8},"end":{"line":17,"column":9}},"type":"if","locations":[{"start":{"line":7,"column":8},"end":{"line":17,"column":9}},{"start":{"line":15,"column":15},"end":{"line":17,"column":9}}],"line":7}},"s":{"0":0,"1":0,"2":0,"3":0,"4":0,"5":0,"6":0,"7":0,"8":0,"9":0,"10":0},"f":{"0":0,"1":0,"2":0,"3":0},"b":{"0":[0,0]}}
,"/Users/anahitvardevanyan/Desktop/growth/src/components/Table/TableHooks/useSortData.ts": {"path":"/Users/anahitvardevanyan/Desktop/growth/src/components/Table/TableHooks/useSortData.ts","statementMap":{"0":{"start":{"line":5,"column":20},"end":{"line":26,"column":1}},"1":{"start":{"line":6,"column":40},"end":{"line":6,"column":59}},"2":{"start":{"line":8,"column":4},"end":{"line":23,"column":27}},"3":{"start":{"line":9,"column":8},"end":{"line":22,"column":9}},"4":{"start":{"line":10,"column":27},"end":{"line":18,"column":14}},"5":{"start":{"line":11,"column":16},"end":{"line":13,"column":17}},"6":{"start":{"line":12,"column":20},"end":{"line":12,"column":67}},"7":{"start":{"line":14,"column":16},"end":{"line":16,"column":17}},"8":{"start":{"line":15,"column":20},"end":{"line":15,"column":67}},"9":{"start":{"line":17,"column":16},"end":{"line":17,"column":25}},"10":{"start":{"line":19,"column":12},"end":{"line":19,"column":34}},"11":{"start":{"line":21,"column":12},"end":{"line":21,"column":32}},"12":{"start":{"line":25,"column":4},"end":{"line":25,"column":22}}},"fnMap":{"0":{"name":"(anonymous_0)","decl":{"start":{"line":5,"column":20},"end":{"line":5,"column":21}},"loc":{"start":{"line":5,"column":79},"end":{"line":26,"column":1}},"line":5},"1":{"name":"(anonymous_1)","decl":{"start":{"line":8,"column":14},"end":{"line":8,"column":15}},"loc":{"start":{"line":8,"column":20},"end":{"line":23,"column":5}},"line":8},"2":{"name":"(anonymous_2)","decl":{"start":{"line":10,"column":42},"end":{"line":10,"column":43}},"loc":{"start":{"line":10,"column":52},"end":{"line":18,"column":13}},"line":10}},"branchMap":{"0":{"loc":{"start":{"line":9,"column":8},"end":{"line":22,"column":9}},"type":"if","locations":[{"start":{"line":9,"column":8},"end":{"line":22,"column":9}},{"start":{"line":20,"column":15},"end":{"line":22,"column":9}}],"line":9},"1":{"loc":{"start":{"line":11,"column":16},"end":{"line":13,"column":17}},"type":"if","locations":[{"start":{"line":11,"column":16},"end":{"line":13,"column":17}},{"start":{},"end":{}}],"line":11},"2":{"loc":{"start":{"line":12,"column":27},"end":{"line":12,"column":66}},"type":"cond-expr","locations":[{"start":{"line":12,"column":60},"end":{"line":12,"column":62}},{"start":{"line":12,"column":65},"end":{"line":12,"column":66}}],"line":12},"3":{"loc":{"start":{"line":14,"column":16},"end":{"line":16,"column":17}},"type":"if","locations":[{"start":{"line":14,"column":16},"end":{"line":16,"column":17}},{"start":{},"end":{}}],"line":14},"4":{"loc":{"start":{"line":15,"column":27},"end":{"line":15,"column":66}},"type":"cond-expr","locations":[{"start":{"line":15,"column":60},"end":{"line":15,"column":61}},{"start":{"line":15,"column":64},"end":{"line":15,"column":66}}],"line":15}},"s":{"0":0,"1":0,"2":0,"3":0,"4":0,"5":0,"6":0,"7":0,"8":0,"9":0,"10":0,"11":0,"12":0},"f":{"0":0,"1":0,"2":0},"b":{"0":[0,0],"1":[0,0],"2":[0,0],"3":[0,0],"4":[0,0]}}
,"/Users/anahitvardevanyan/Desktop/growth/src/components/Table/TableRow/index.tsx": {"path":"/Users/anahitvardevanyan/Desktop/growth/src/components/Table/TableRow/index.tsx","statementMap":{"0":{"start":{"line":5,"column":17},"end":{"line":22,"column":2}},"1":{"start":{"line":6,"column":4},"end":{"line":21,"column":6}},"2":{"start":{"line":9,"column":20},"end":{"line":17,"column":21}}},"fnMap":{"0":{"name":"(anonymous_0)","decl":{"start":{"line":5,"column":22},"end":{"line":5,"column":23}},"loc":{"start":{"line":5,"column":76},"end":{"line":22,"column":1}},"line":5},"1":{"name":"(anonymous_1)","decl":{"start":{"line":8,"column":25},"end":{"line":8,"column":26}},"loc":{"start":{"line":9,"column":20},"end":{"line":17,"column":21}},"line":9}},"branchMap":{"0":{"loc":{"start":{"line":9,"column":20},"end":{"line":17,"column":21}},"type":"cond-expr","locations":[{"start":{"line":10,"column":24},"end":{"line":12,"column":41}},{"start":{"line":14,"column":24},"end":{"line":16,"column":48}}],"line":9},"1":{"loc":{"start":{"line":11,"column":29},"end":{"line":11,"column":170}},"type":"cond-expr","locations":[{"start":{"line":11,"column":45},"end":{"line":11,"column":119}},{"start":{"line":11,"column":122},"end":{"line":11,"column":170}}],"line":11},"2":{"loc":{"start":{"line":14,"column":24},"end":{"line":16,"column":48}},"type":"cond-expr","locations":[{"start":{"line":14,"column":40},"end":{"line":16,"column":41}},{"start":{"line":16,"column":44},"end":{"line":16,"column":48}}],"line":14}},"s":{"0":0,"1":0,"2":0},"f":{"0":0,"1":0},"b":{"0":[0,0],"1":[0,0],"2":[0,0]}}
,"/Users/anahitvardevanyan/Desktop/growth/src/components/ThemeToggle/index.tsx": {"path":"/Users/anahitvardevanyan/Desktop/growth/src/components/ThemeToggle/index.tsx","statementMap":{"0":{"start":{"line":9,"column":20},"end":{"line":24,"column":1}},"1":{"start":{"line":10,"column":46},"end":{"line":10,"column":70}},"2":{"start":{"line":11,"column":4},"end":{"line":23,"column":6}}},"fnMap":{"0":{"name":"(anonymous_0)","decl":{"start":{"line":9,"column":20},"end":{"line":9,"column":21}},"loc":{"start":{"line":9,"column":26},"end":{"line":24,"column":1}},"line":9}},"branchMap":{"0":{"loc":{"start":{"line":14,"column":67},"end":{"line":14,"column":118}},"type":"cond-expr","locations":[{"start":{"line":14,"column":93},"end":{"line":14,"column":106}},{"start":{"line":14,"column":109},"end":{"line":14,"column":118}}],"line":14},"1":{"loc":{"start":{"line":20,"column":68},"end":{"line":20,"column":120}},"type":"cond-expr","locations":[{"start":{"line":20,"column":95},"end":{"line":20,"column":108}},{"start":{"line":20,"column":111},"end":{"line":20,"column":120}}],"line":20}},"s":{"0":0,"1":0,"2":0},"f":{"0":0},"b":{"0":[0,0],"1":[0,0]}}
,"/Users/anahitvardevanyan/Desktop/growth/src/components/Toggle/index.tsx": {"path":"/Users/anahitvardevanyan/Desktop/growth/src/components/Toggle/index.tsx","statementMap":{"0":{"start":{"line":6,"column":33},"end":{"line":17,"column":1}},"1":{"start":{"line":7,"column":27},"end":{"line":9,"column":5}},"2":{"start":{"line":8,"column":8},"end":{"line":8,"column":35}},"3":{"start":{"line":11,"column":4},"end":{"line":16,"column":6}}},"fnMap":{"0":{"name":"(anonymous_0)","decl":{"start":{"line":6,"column":33},"end":{"line":6,"column":34}},"loc":{"start":{"line":6,"column":71},"end":{"line":17,"column":1}},"line":6},"1":{"name":"(anonymous_1)","decl":{"start":{"line":7,"column":27},"end":{"line":7,"column":28}},"loc":{"start":{"line":7,"column":65},"end":{"line":9,"column":5}},"line":7}},"branchMap":{"0":{"loc":{"start":{"line":6,"column":35},"end":{"line":6,"column":46}},"type":"default-arg","locations":[{"start":{"line":6,"column":42},"end":{"line":6,"column":46}}],"line":6}},"s":{"0":0,"1":0,"2":0,"3":0},"f":{"0":0,"1":0},"b":{"0":[0]}}
,"/Users/anahitvardevanyan/Desktop/growth/src/hooks/useDebounce.ts": {"path":"/Users/anahitvardevanyan/Desktop/growth/src/hooks/useDebounce.ts","statementMap":{"0":{"start":{"line":4,"column":48},"end":{"line":4,"column":63}},"1":{"start":{"line":6,"column":4},"end":{"line":14,"column":23}},"2":{"start":{"line":7,"column":24},"end":{"line":9,"column":17}},"3":{"start":{"line":8,"column":12},"end":{"line":8,"column":37}},"4":{"start":{"line":11,"column":8},"end":{"line":13,"column":10}},"5":{"start":{"line":12,"column":12},"end":{"line":12,"column":34}},"6":{"start":{"line":16,"column":4},"end":{"line":16,"column":26}}},"fnMap":{"0":{"name":"useDebounce","decl":{"start":{"line":3,"column":9},"end":{"line":3,"column":20}},"loc":{"start":{"line":3,"column":52},"end":{"line":17,"column":1}},"line":3},"1":{"name":"(anonymous_1)","decl":{"start":{"line":6,"column":14},"end":{"line":6,"column":15}},"loc":{"start":{"line":6,"column":20},"end":{"line":14,"column":5}},"line":6},"2":{"name":"(anonymous_2)","decl":{"start":{"line":7,"column":35},"end":{"line":7,"column":36}},"loc":{"start":{"line":7,"column":41},"end":{"line":9,"column":9}},"line":7},"3":{"name":"(anonymous_3)","decl":{"start":{"line":11,"column":15},"end":{"line":11,"column":16}},"loc":{"start":{"line":11,"column":21},"end":{"line":13,"column":9}},"line":11}},"branchMap":{},"s":{"0":0,"1":0,"2":0,"3":0,"4":0,"5":0,"6":0},"f":{"0":0,"1":0,"2":0,"3":0},"b":{}}
,"/Users/anahitvardevanyan/Desktop/growth/src/pages/Posts/index.tsx": {"path":"/Users/anahitvardevanyan/Desktop/growth/src/pages/Posts/index.tsx","statementMap":{"0":{"start":{"line":9,"column":19},"end":{"line":9,"column":62}},"1":{"start":{"line":9,"column":30},"end":{"line":9,"column":61}},"2":{"start":{"line":10,"column":19},"end":{"line":10,"column":53}},"3":{"start":{"line":10,"column":30},"end":{"line":10,"column":52}},"4":{"start":{"line":11,"column":15},"end":{"line":11,"column":54}},"5":{"start":{"line":11,"column":26},"end":{"line":11,"column":53}},"6":{"start":{"line":12,"column":17},"end":{"line":12,"column":49}},"7":{"start":{"line":12,"column":28},"end":{"line":12,"column":48}},"8":{"start":{"line":15,"column":14},"end":{"line":43,"column":1}},"9":{"start":{"line":16,"column":39},"end":{"line":16,"column":57}},"10":{"start":{"line":18,"column":4},"end":{"line":42,"column":6}},"11":{"start":{"line":37,"column":24},"end":{"line":37,"column":76}}},"fnMap":{"0":{"name":"(anonymous_0)","decl":{"start":{"line":9,"column":24},"end":{"line":9,"column":25}},"loc":{"start":{"line":9,"column":30},"end":{"line":9,"column":61}},"line":9},"1":{"name":"(anonymous_1)","decl":{"start":{"line":10,"column":24},"end":{"line":10,"column":25}},"loc":{"start":{"line":10,"column":30},"end":{"line":10,"column":52}},"line":10},"2":{"name":"(anonymous_2)","decl":{"start":{"line":11,"column":20},"end":{"line":11,"column":21}},"loc":{"start":{"line":11,"column":26},"end":{"line":11,"column":53}},"line":11},"3":{"name":"(anonymous_3)","decl":{"start":{"line":12,"column":22},"end":{"line":12,"column":23}},"loc":{"start":{"line":12,"column":28},"end":{"line":12,"column":48}},"line":12},"4":{"name":"(anonymous_4)","decl":{"start":{"line":15,"column":14},"end":{"line":15,"column":15}},"loc":{"start":{"line":15,"column":20},"end":{"line":43,"column":1}},"line":15},"5":{"name":"(anonymous_5)","decl":{"start":{"line":36,"column":31},"end":{"line":36,"column":32}},"loc":{"start":{"line":37,"column":24},"end":{"line":37,"column":76}},"line":37}},"branchMap":{"0":{"loc":{"start":{"line":25,"column":17},"end":{"line":39,"column":17}},"type":"cond-expr","locations":[{"start":{"line":26,"column":20},"end":{"line":34,"column":22}},{"start":{"line":36,"column":20},"end":{"line":38,"column":22}}],"line":25}},"s":{"0":0,"1":0,"2":0,"3":0,"4":0,"5":0,"6":0,"7":0,"8":0,"9":0,"10":0,"11":0},"f":{"0":0,"1":0,"2":0,"3":0,"4":0,"5":0},"b":{"0":[0,0]}}
,"/Users/anahitvardevanyan/Desktop/growth/src/pages/Posts/CreatePost/index.tsx": {"path":"/Users/anahitvardevanyan/Desktop/growth/src/pages/Posts/CreatePost/index.tsx","statementMap":{"0":{"start":{"line":8,"column":14},"end":{"line":8,"column":52}},"1":{"start":{"line":8,"column":25},"end":{"line":8,"column":51}},"2":{"start":{"line":9,"column":12},"end":{"line":9,"column":91}},"3":{"start":{"line":9,"column":23},"end":{"line":9,"column":90}},"4":{"start":{"line":9,"column":65},"end":{"line":9,"column":88}},"5":{"start":{"line":10,"column":12},"end":{"line":10,"column":91}},"6":{"start":{"line":10,"column":23},"end":{"line":10,"column":90}},"7":{"start":{"line":10,"column":65},"end":{"line":10,"column":88}},"8":{"start":{"line":11,"column":14},"end":{"line":11,"column":96}},"9":{"start":{"line":11,"column":25},"end":{"line":11,"column":95}},"10":{"start":{"line":11,"column":68},"end":{"line":11,"column":93}},"11":{"start":{"line":12,"column":17},"end":{"line":12,"column":102}},"12":{"start":{"line":12,"column":28},"end":{"line":12,"column":101}},"13":{"start":{"line":12,"column":71},"end":{"line":12,"column":99}},"14":{"start":{"line":13,"column":21},"end":{"line":13,"column":66}},"15":{"start":{"line":13,"column":32},"end":{"line":13,"column":65}},"16":{"start":{"line":16,"column":19},"end":{"line":106,"column":1}},"17":{"start":{"line":17,"column":30},"end":{"line":17,"column":42}},"18":{"start":{"line":18,"column":34},"end":{"line":18,"column":46}},"19":{"start":{"line":19,"column":28},"end":{"line":19,"column":49}},"20":{"start":{"line":20,"column":38},"end":{"line":20,"column":56}},"21":{"start":{"line":21,"column":50},"end":{"line":21,"column":68}},"22":{"start":{"line":22,"column":37},"end":{"line":22,"column":57}},"23":{"start":{"line":24,"column":25},"end":{"line":27,"column":5}},"24":{"start":{"line":25,"column":8},"end":{"line":25,"column":21}},"25":{"start":{"line":26,"column":8},"end":{"line":26,"column":23}},"26":{"start":{"line":29,"column":24},"end":{"line":33,"column":5}},"27":{"start":{"line":30,"column":8},"end":{"line":30,"column":31}},"28":{"start":{"line":31,"column":8},"end":{"line":31,"column":25}},"29":{"start":{"line":32,"column":8},"end":{"line":32,"column":23}},"30":{"start":{"line":35,"column":20},"end":{"line":38,"column":5}},"31":{"start":{"line":36,"column":8},"end":{"line":36,"column":22}},"32":{"start":{"line":37,"column":8},"end":{"line":37,"column":23}},"33":{"start":{"line":40,"column":30},"end":{"line":42,"column":5}},"34":{"start":{"line":41,"column":8},"end":{"line":41,"column":37}},"35":{"start":{"line":44,"column":36},"end":{"line":46,"column":5}},"36":{"start":{"line":45,"column":8},"end":{"line":45,"column":43}},"37":{"start":{"line":48,"column":26},"end":{"line":61,"column":5}},"38":{"start":{"line":49,"column":8},"end":{"line":60,"column":9}},"39":{"start":{"line":50,"column":12},"end":{"line":50,"column":51}},"40":{"start":{"line":52,"column":12},"end":{"line":59,"column":13}},"41":{"start":{"line":53,"column":16},"end":{"line":53,"column":98}},"42":{"start":{"line":54,"column":16},"end":{"line":54,"column":30}},"43":{"start":{"line":55,"column":16},"end":{"line":55,"column":55}},"44":{"start":{"line":57,"column":28},"end":{"line":57,"column":50}},"45":{"start":{"line":58,"column":16},"end":{"line":58,"column":72}},"46":{"start":{"line":63,"column":27},"end":{"line":65,"column":6}},"47":{"start":{"line":64,"column":23},"end":{"line":64,"column":36}},"48":{"start":{"line":67,"column":4},"end":{"line":105,"column":6}},"49":{"start":{"line":71,"column":32},"end":{"line":71,"column":52}}},"fnMap":{"0":{"name":"(anonymous_0)","decl":{"start":{"line":8,"column":19},"end":{"line":8,"column":20}},"loc":{"start":{"line":8,"column":25},"end":{"line":8,"column":51}},"line":8},"1":{"name":"(anonymous_1)","decl":{"start":{"line":9,"column":17},"end":{"line":9,"column":18}},"loc":{"start":{"line":9,"column":23},"end":{"line":9,"column":90}},"line":9},"2":{"name":"(anonymous_2)","decl":{"start":{"line":9,"column":54},"end":{"line":9,"column":55}},"loc":{"start":{"line":9,"column":65},"end":{"line":9,"column":88}},"line":9},"3":{"name":"(anonymous_3)","decl":{"start":{"line":10,"column":17},"end":{"line":10,"column":18}},"loc":{"start":{"line":10,"column":23},"end":{"line":10,"column":90}},"line":10},"4":{"name":"(anonymous_4)","decl":{"start":{"line":10,"column":54},"end":{"line":10,"column":55}},"loc":{"start":{"line":10,"column":65},"end":{"line":10,"column":88}},"line":10},"5":{"name":"(anonymous_5)","decl":{"start":{"line":11,"column":19},"end":{"line":11,"column":20}},"loc":{"start":{"line":11,"column":25},"end":{"line":11,"column":95}},"line":11},"6":{"name":"(anonymous_6)","decl":{"start":{"line":11,"column":57},"end":{"line":11,"column":58}},"loc":{"start":{"line":11,"column":68},"end":{"line":11,"column":93}},"line":11},"7":{"name":"(anonymous_7)","decl":{"start":{"line":12,"column":22},"end":{"line":12,"column":23}},"loc":{"start":{"line":12,"column":28},"end":{"line":12,"column":101}},"line":12},"8":{"name":"(anonymous_8)","decl":{"start":{"line":12,"column":60},"end":{"line":12,"column":61}},"loc":{"start":{"line":12,"column":71},"end":{"line":12,"column":99}},"line":12},"9":{"name":"(anonymous_9)","decl":{"start":{"line":13,"column":26},"end":{"line":13,"column":27}},"loc":{"start":{"line":13,"column":32},"end":{"line":13,"column":65}},"line":13},"10":{"name":"(anonymous_10)","decl":{"start":{"line":16,"column":19},"end":{"line":16,"column":20}},"loc":{"start":{"line":16,"column":55},"end":{"line":106,"column":1}},"line":16},"11":{"name":"(anonymous_11)","decl":{"start":{"line":24,"column":25},"end":{"line":24,"column":26}},"loc":{"start":{"line":24,"column":31},"end":{"line":27,"column":5}},"line":24},"12":{"name":"(anonymous_12)","decl":{"start":{"line":29,"column":24},"end":{"line":29,"column":25}},"loc":{"start":{"line":29,"column":30},"end":{"line":33,"column":5}},"line":29},"13":{"name":"(anonymous_13)","decl":{"start":{"line":35,"column":20},"end":{"line":35,"column":21}},"loc":{"start":{"line":35,"column":26},"end":{"line":38,"column":5}},"line":35},"14":{"name":"(anonymous_14)","decl":{"start":{"line":40,"column":30},"end":{"line":40,"column":31}},"loc":{"start":{"line":40,"column":68},"end":{"line":42,"column":5}},"line":40},"15":{"name":"(anonymous_15)","decl":{"start":{"line":44,"column":36},"end":{"line":44,"column":37}},"loc":{"start":{"line":44,"column":77},"end":{"line":46,"column":5}},"line":44},"16":{"name":"(anonymous_16)","decl":{"start":{"line":48,"column":26},"end":{"line":48,"column":27}},"loc":{"start":{"line":48,"column":38},"end":{"line":61,"column":5}},"line":48},"17":{"name":"(anonymous_17)","decl":{"start":{"line":64,"column":17},"end":{"line":64,"column":18}},"loc":{"start":{"line":64,"column":23},"end":{"line":64,"column":36}},"line":64},"18":{"name":"(anonymous_18)","decl":{"start":{"line":71,"column":26},"end":{"line":71,"column":27}},"loc":{"start":{"line":71,"column":32},"end":{"line":71,"column":52}},"line":71}},"branchMap":{"0":{"loc":{"start":{"line":49,"column":8},"end":{"line":60,"column":9}},"type":"if","locations":[{"start":{"line":49,"column":8},"end":{"line":60,"column":9}},{"start":{"line":51,"column":15},"end":{"line":60,"column":9}}],"line":49},"1":{"loc":{"start":{"line":49,"column":12},"end":{"line":49,"column":54}},"type":"binary-expr","locations":[{"start":{"line":49,"column":12},"end":{"line":49,"column":28}},{"start":{"line":49,"column":32},"end":{"line":49,"column":54}}],"line":49},"2":{"loc":{"start":{"line":58,"column":25},"end":{"line":58,"column":70}},"type":"binary-expr","locations":[{"start":{"line":58,"column":25},"end":{"line":58,"column":43}},{"start":{"line":58,"column":47},"end":{"line":58,"column":70}}],"line":58}},"s":{"0":0,"1":0,"2":0,"3":0,"4":0,"5":0,"6":0,"7":0,"8":0,"9":0,"10":0,"11":0,"12":0,"13":0,"14":0,"15":0,"16":0,"17":0,"18":0,"19":0,"20":0,"21":0,"22":0,"23":0,"24":0,"25":0,"26":0,"27":0,"28":0,"29":0,"30":0,"31":0,"32":0,"33":0,"34":0,"35":0,"36":0,"37":0,"38":0,"39":0,"40":0,"41":0,"42":0,"43":0,"44":0,"45":0,"46":0,"47":0,"48":0,"49":0},"f":{"0":0,"1":0,"2":0,"3":0,"4":0,"5":0,"6":0,"7":0,"8":0,"9":0,"10":0,"11":0,"12":0,"13":0,"14":0,"15":0,"16":0,"17":0,"18":0},"b":{"0":[0,0],"1":[0,0],"2":[0,0]}}
,"/Users/anahitvardevanyan/Desktop/growth/src/pages/Posts/PostItem/index.tsx": {"path":"/Users/anahitvardevanyan/Desktop/growth/src/pages/Posts/PostItem/index.tsx","statementMap":{"0":{"start":{"line":8,"column":40},"end":{"line":23,"column":1}},"1":{"start":{"line":9,"column":31},"end":{"line":9,"column":35}},"2":{"start":{"line":10,"column":53},"end":{"line":10,"column":76}},"3":{"start":{"line":12,"column":29},"end":{"line":16,"column":5}},"4":{"start":{"line":13,"column":8},"end":{"line":15,"column":9}},"5":{"start":{"line":14,"column":12},"end":{"line":14,"column":51}},"6":{"start":{"line":17,"column":4},"end":{"line":22,"column":6}},"7":{"start":{"line":21,"column":39},"end":{"line":21,"column":62}}},"fnMap":{"0":{"name":"(anonymous_0)","decl":{"start":{"line":8,"column":40},"end":{"line":8,"column":41}},"loc":{"start":{"line":8,"column":59},"end":{"line":23,"column":1}},"line":8},"1":{"name":"(anonymous_1)","decl":{"start":{"line":12,"column":29},"end":{"line":12,"column":30}},"loc":{"start":{"line":12,"column":41},"end":{"line":16,"column":5}},"line":12},"2":{"name":"(anonymous_2)","decl":{"start":{"line":21,"column":33},"end":{"line":21,"column":34}},"loc":{"start":{"line":21,"column":39},"end":{"line":21,"column":62}},"line":21}},"branchMap":{"0":{"loc":{"start":{"line":13,"column":8},"end":{"line":15,"column":9}},"type":"if","locations":[{"start":{"line":13,"column":8},"end":{"line":15,"column":9}},{"start":{},"end":{}}],"line":13}},"s":{"0":0,"1":0,"2":0,"3":0,"4":0,"5":0,"6":0,"7":0},"f":{"0":0,"1":0,"2":0},"b":{"0":[0,0]}}
,"/Users/anahitvardevanyan/Desktop/growth/src/pages/Users/index.tsx": {"path":"/Users/anahitvardevanyan/Desktop/growth/src/pages/Users/index.tsx","statementMap":{"0":{"start":{"line":14,"column":24},"end":{"line":14,"column":70}},"1":{"start":{"line":14,"column":35},"end":{"line":14,"column":69}},"2":{"start":{"line":15,"column":21},"end":{"line":15,"column":111}},"3":{"start":{"line":15,"column":32},"end":{"line":15,"column":110}},"4":{"start":{"line":15,"column":76},"end":{"line":15,"column":108}},"5":{"start":{"line":16,"column":19},"end":{"line":16,"column":102}},"6":{"start":{"line":16,"column":30},"end":{"line":16,"column":101}},"7":{"start":{"line":16,"column":69},"end":{"line":16,"column":99}},"8":{"start":{"line":17,"column":13},"end":{"line":17,"column":93}},"9":{"start":{"line":17,"column":24},"end":{"line":17,"column":92}},"10":{"start":{"line":17,"column":66},"end":{"line":17,"column":90}},"11":{"start":{"line":20,"column":14},"end":{"line":86,"column":1}},"12":{"start":{"line":21,"column":21},"end":{"line":21,"column":34}},"13":{"start":{"line":22,"column":40},"end":{"line":22,"column":109}},"14":{"start":{"line":23,"column":32},"end":{"line":23,"column":44}},"15":{"start":{"line":24,"column":42},"end":{"line":24,"column":53}},"16":{"start":{"line":25,"column":32},"end":{"line":25,"column":50}},"17":{"start":{"line":26,"column":22},"end":{"line":26,"column":46}},"18":{"start":{"line":28,"column":45},"end":{"line":64,"column":5}},"19":{"start":{"line":35,"column":16},"end":{"line":42,"column":18}},"20":{"start":{"line":38,"column":39},"end":{"line":38,"column":97}},"21":{"start":{"line":50,"column":33},"end":{"line":50,"column":88}},"22":{"start":{"line":59,"column":16},"end":{"line":61,"column":29}},"23":{"start":{"line":66,"column":4},"end":{"line":85,"column":6}},"24":{"start":{"line":69,"column":62},"end":{"line":69,"column":87}}},"fnMap":{"0":{"name":"(anonymous_0)","decl":{"start":{"line":14,"column":29},"end":{"line":14,"column":30}},"loc":{"start":{"line":14,"column":35},"end":{"line":14,"column":69}},"line":14},"1":{"name":"(anonymous_1)","decl":{"start":{"line":15,"column":26},"end":{"line":15,"column":27}},"loc":{"start":{"line":15,"column":32},"end":{"line":15,"column":110}},"line":15},"2":{"name":"(anonymous_2)","decl":{"start":{"line":15,"column":65},"end":{"line":15,"column":66}},"loc":{"start":{"line":15,"column":76},"end":{"line":15,"column":108}},"line":15},"3":{"name":"(anonymous_3)","decl":{"start":{"line":16,"column":24},"end":{"line":16,"column":25}},"loc":{"start":{"line":16,"column":30},"end":{"line":16,"column":101}},"line":16},"4":{"name":"(anonymous_4)","decl":{"start":{"line":16,"column":58},"end":{"line":16,"column":59}},"loc":{"start":{"line":16,"column":69},"end":{"line":16,"column":99}},"line":16},"5":{"name":"(anonymous_5)","decl":{"start":{"line":17,"column":18},"end":{"line":17,"column":19}},"loc":{"start":{"line":17,"column":24},"end":{"line":17,"column":92}},"line":17},"6":{"name":"(anonymous_6)","decl":{"start":{"line":17,"column":55},"end":{"line":17,"column":56}},"loc":{"start":{"line":17,"column":66},"end":{"line":17,"column":90}},"line":17},"7":{"name":"(anonymous_7)","decl":{"start":{"line":20,"column":14},"end":{"line":20,"column":15}},"loc":{"start":{"line":20,"column":20},"end":{"line":86,"column":1}},"line":20},"8":{"name":"(anonymous_8)","decl":{"start":{"line":34,"column":20},"end":{"line":34,"column":21}},"loc":{"start":{"line":34,"column":33},"end":{"line":43,"column":13}},"line":34},"9":{"name":"(anonymous_9)","decl":{"start":{"line":38,"column":33},"end":{"line":38,"column":34}},"loc":{"start":{"line":38,"column":39},"end":{"line":38,"column":97}},"line":38},"10":{"name":"(anonymous_10)","decl":{"start":{"line":50,"column":20},"end":{"line":50,"column":21}},"loc":{"start":{"line":50,"column":33},"end":{"line":50,"column":88}},"line":50},"11":{"name":"(anonymous_11)","decl":{"start":{"line":58,"column":20},"end":{"line":58,"column":21}},"loc":{"start":{"line":59,"column":16},"end":{"line":61,"column":29}},"line":59},"12":{"name":"(anonymous_12)","decl":{"start":{"line":69,"column":55},"end":{"line":69,"column":56}},"loc":{"start":{"line":69,"column":62},"end":{"line":69,"column":87}},"line":69}},"branchMap":{"0":{"loc":{"start":{"line":74,"column":26},"end":{"line":74,"column":45}},"type":"binary-expr","locations":[{"start":{"line":74,"column":26},"end":{"line":74,"column":39}},{"start":{"line":74,"column":43},"end":{"line":74,"column":45}}],"line":74}},"s":{"0":0,"1":0,"2":0,"3":0,"4":0,"5":0,"6":0,"7":0,"8":0,"9":0,"10":0,"11":0,"12":0,"13":0,"14":0,"15":0,"16":0,"17":0,"18":0,"19":0,"20":0,"21":0,"22":0,"23":0,"24":0},"f":{"0":0,"1":0,"2":0,"3":0,"4":0,"5":0,"6":0,"7":0,"8":0,"9":0,"10":0,"11":0,"12":0},"b":{"0":[0,0]}}
,"/Users/anahitvardevanyan/Desktop/growth/src/pages/Users/DeleteUser/index.tsx": {"path":"/Users/anahitvardevanyan/Desktop/growth/src/pages/Users/DeleteUser/index.tsx","statementMap":{"0":{"start":{"line":5,"column":42},"end":{"line":20,"column":1}},"1":{"start":{"line":6,"column":38},"end":{"line":6,"column":61}},"2":{"start":{"line":7,"column":21},"end":{"line":15,"column":5}},"3":{"start":{"line":8,"column":8},"end":{"line":13,"column":9}},"4":{"start":{"line":9,"column":11},"end":{"line":9,"column":41}},"5":{"start":{"line":10,"column":11},"end":{"line":10,"column":38}},"6":{"start":{"line":10,"column":26},"end":{"line":10,"column":38}},"7":{"start":{"line":12,"column":11},"end":{"line":12,"column":30}},"8":{"start":{"line":16,"column":27},"end":{"line":16,"column":118}},"9":{"start":{"line":17,"column":4},"end":{"line":19,"column":6}}},"fnMap":{"0":{"name":"(anonymous_0)","decl":{"start":{"line":5,"column":42},"end":{"line":5,"column":43}},"loc":{"start":{"line":5,"column":73},"end":{"line":20,"column":1}},"line":5},"1":{"name":"(anonymous_1)","decl":{"start":{"line":7,"column":21},"end":{"line":7,"column":22}},"loc":{"start":{"line":7,"column":33},"end":{"line":15,"column":5}},"line":7}},"branchMap":{"0":{"loc":{"start":{"line":10,"column":11},"end":{"line":10,"column":38}},"type":"if","locations":[{"start":{"line":10,"column":11},"end":{"line":10,"column":38}},{"start":{},"end":{}}],"line":10}},"s":{"0":0,"1":0,"2":0,"3":0,"4":0,"5":0,"6":0,"7":0,"8":0,"9":0},"f":{"0":0,"1":0},"b":{"0":[0,0]}}
,"/Users/anahitvardevanyan/Desktop/growth/src/pages/Users/UserDetails/index.tsx": {"path":"/Users/anahitvardevanyan/Desktop/growth/src/pages/Users/UserDetails/index.tsx","statementMap":{"0":{"start":{"line":11,"column":19},"end":{"line":11,"column":62}},"1":{"start":{"line":11,"column":30},"end":{"line":11,"column":61}},"2":{"start":{"line":13,"column":24},"end":{"line":52,"column":1}},"3":{"start":{"line":14,"column":21},"end":{"line":14,"column":34}},"4":{"start":{"line":15,"column":21},"end":{"line":15,"column":34}},"5":{"start":{"line":16,"column":17},"end":{"line":16,"column":42}},"6":{"start":{"line":18,"column":4},"end":{"line":20,"column":5}},"7":{"start":{"line":19,"column":8},"end":{"line":19,"column":82}},"8":{"start":{"line":21,"column":20},"end":{"line":23,"column":4}},"9":{"start":{"line":22,"column":4},"end":{"line":22,"column":17}},"10":{"start":{"line":24,"column":4},"end":{"line":51,"column":6}}},"fnMap":{"0":{"name":"(anonymous_0)","decl":{"start":{"line":11,"column":24},"end":{"line":11,"column":25}},"loc":{"start":{"line":11,"column":30},"end":{"line":11,"column":61}},"line":11},"1":{"name":"(anonymous_1)","decl":{"start":{"line":13,"column":24},"end":{"line":13,"column":25}},"loc":{"start":{"line":13,"column":30},"end":{"line":52,"column":1}},"line":13},"2":{"name":"(anonymous_2)","decl":{"start":{"line":21,"column":20},"end":{"line":21,"column":21}},"loc":{"start":{"line":21,"column":26},"end":{"line":23,"column":4}},"line":21}},"branchMap":{"0":{"loc":{"start":{"line":18,"column":4},"end":{"line":20,"column":5}},"type":"if","locations":[{"start":{"line":18,"column":4},"end":{"line":20,"column":5}},{"start":{},"end":{}}],"line":18}},"s":{"0":0,"1":0,"2":0,"3":0,"4":0,"5":0,"6":0,"7":0,"8":0,"9":0,"10":0},"f":{"0":0,"1":0,"2":0},"b":{"0":[0,0]}}
,"/Users/anahitvardevanyan/Desktop/growth/src/redux/store.ts": {"path":"/Users/anahitvardevanyan/Desktop/growth/src/redux/store.ts","statementMap":{"0":{"start":{"line":7,"column":14},"end":{"line":17,"column":2}},"1":{"start":{"line":15,"column":8},"end":{"line":15,"column":84}}},"fnMap":{"0":{"name":"(anonymous_0)","decl":{"start":{"line":14,"column":16},"end":{"line":14,"column":17}},"loc":{"start":{"line":15,"column":8},"end":{"line":15,"column":84}},"line":15}},"branchMap":{},"s":{"0":0,"1":0},"f":{"0":0},"b":{}}
,"/Users/anahitvardevanyan/Desktop/growth/src/redux/apiSlices/posts.slice.ts": {"path":"/Users/anahitvardevanyan/Desktop/growth/src/redux/apiSlices/posts.slice.ts","statementMap":{"0":{"start":{"line":5,"column":12},"end":{"line":5,"column":28}},"1":{"start":{"line":6,"column":29},"end":{"line":69,"column":2}},"2":{"start":{"line":10,"column":29},"end":{"line":68,"column":5}},"3":{"start":{"line":12,"column":25},"end":{"line":12,"column":43}},"4":{"start":{"line":13,"column":54},"end":{"line":13,"column":62}},"5":{"start":{"line":15,"column":16},"end":{"line":17,"column":31}},"6":{"start":{"line":16,"column":48},"end":{"line":16,"column":76}},"7":{"start":{"line":20,"column":33},"end":{"line":24,"column":13}},"8":{"start":{"line":26,"column":36},"end":{"line":30,"column":17}},"9":{"start":{"line":28,"column":24},"end":{"line":28,"column":86}},"10":{"start":{"line":31,"column":16},"end":{"line":41,"column":17}},"11":{"start":{"line":32,"column":20},"end":{"line":32,"column":40}},"12":{"start":{"line":34,"column":20},"end":{"line":34,"column":38}},"13":{"start":{"line":45,"column":30},"end":{"line":48,"column":13}},"14":{"start":{"line":50,"column":36},"end":{"line":54,"column":17}},"15":{"start":{"line":52,"column":24},"end":{"line":52,"column":51}},"16":{"start":{"line":55,"column":16},"end":{"line":59,"column":17}},"17":{"start":{"line":56,"column":20},"end":{"line":56,"column":40}},"18":{"start":{"line":58,"column":20},"end":{"line":58,"column":38}},"19":{"start":{"line":71,"column":77},"end":{"line":71,"column":90}}},"fnMap":{"0":{"name":"(anonymous_0)","decl":{"start":{"line":10,"column":15},"end":{"line":10,"column":16}},"loc":{"start":{"line":10,"column":29},"end":{"line":68,"column":5}},"line":10},"1":{"name":"(anonymous_1)","decl":{"start":{"line":12,"column":19},"end":{"line":12,"column":20}},"loc":{"start":{"line":12,"column":25},"end":{"line":12,"column":43}},"line":12},"2":{"name":"(anonymous_2)","decl":{"start":{"line":13,"column":31},"end":{"line":13,"column":32}},"loc":{"start":{"line":13,"column":54},"end":{"line":13,"column":62}},"line":13},"3":{"name":"(anonymous_3)","decl":{"start":{"line":14,"column":26},"end":{"line":14,"column":27}},"loc":{"start":{"line":15,"column":16},"end":{"line":17,"column":31}},"line":15},"4":{"name":"(anonymous_4)","decl":{"start":{"line":16,"column":37},"end":{"line":16,"column":38}},"loc":{"start":{"line":16,"column":48},"end":{"line":16,"column":76}},"line":16},"5":{"name":"(anonymous_5)","decl":{"start":{"line":20,"column":19},"end":{"line":20,"column":20}},"loc":{"start":{"line":20,"column":33},"end":{"line":24,"column":13}},"line":20},"6":{"name":"(anonymous_6)","decl":{"start":{"line":25,"column":12},"end":{"line":25,"column":13}},"loc":{"start":{"line":25,"column":74},"end":{"line":42,"column":13}},"line":25},"7":{"name":"(anonymous_7)","decl":{"start":{"line":27,"column":78},"end":{"line":27,"column":79}},"loc":{"start":{"line":27,"column":94},"end":{"line":29,"column":21}},"line":27},"8":{"name":"(anonymous_8)","decl":{"start":{"line":45,"column":19},"end":{"line":45,"column":20}},"loc":{"start":{"line":45,"column":30},"end":{"line":48,"column":13}},"line":45},"9":{"name":"(anonymous_9)","decl":{"start":{"line":49,"column":12},"end":{"line":49,"column":13}},"loc":{"start":{"line":49,"column":70},"end":{"line":66,"column":13}},"line":49},"10":{"name":"(anonymous_10)","decl":{"start":{"line":51,"column":78},"end":{"line":51,"column":79}},"loc":{"start":{"line":51,"column":94},"end":{"line":53,"column":21}},"line":51}},"branchMap":{"0":{"loc":{"start":{"line":15,"column":16},"end":{"line":17,"column":31}},"type":"cond-expr","locations":[{"start":{"line":16,"column":22},"end":{"line":16,"column":88}},{"start":{"line":17,"column":22},"end":{"line":17,"column":31}}],"line":15}},"s":{"0":0,"1":0,"2":0,"3":0,"4":0,"5":0,"6":0,"7":0,"8":0,"9":0,"10":0,"11":0,"12":0,"13":0,"14":0,"15":0,"16":0,"17":0,"18":0,"19":0},"f":{"0":0,"1":0,"2":0,"3":0,"4":0,"5":0,"6":0,"7":0,"8":0,"9":0,"10":0},"b":{"0":[0,0]}}
,"/Users/anahitvardevanyan/Desktop/growth/src/redux/apiSlices/users.slice.ts": {"path":"/Users/anahitvardevanyan/Desktop/growth/src/redux/apiSlices/users.slice.ts","statementMap":{"0":{"start":{"line":8,"column":24},"end":{"line":50,"column":2}},"1":{"start":{"line":12,"column":29},"end":{"line":49,"column":5}},"2":{"start":{"line":15,"column":16},"end":{"line":18,"column":18}},"3":{"start":{"line":21,"column":85},"end":{"line":24,"column":13}},"4":{"start":{"line":22,"column":54},"end":{"line":22,"column":81}},"5":{"start":{"line":27,"column":26},"end":{"line":30,"column":13}},"6":{"start":{"line":34,"column":36},"end":{"line":40,"column":17}},"7":{"start":{"line":37,"column":42},"end":{"line":37,"column":89}},"8":{"start":{"line":37,"column":74},"end":{"line":37,"column":88}},"9":{"start":{"line":38,"column":24},"end":{"line":38,"column":59}},"10":{"start":{"line":41,"column":16},"end":{"line":46,"column":17}},"11":{"start":{"line":42,"column":20},"end":{"line":42,"column":41}},"12":{"start":{"line":45,"column":20},"end":{"line":45,"column":39}},"13":{"start":{"line":52,"column":57},"end":{"line":52,"column":65}}},"fnMap":{"0":{"name":"(anonymous_0)","decl":{"start":{"line":12,"column":15},"end":{"line":12,"column":16}},"loc":{"start":{"line":12,"column":29},"end":{"line":49,"column":5}},"line":12},"1":{"name":"(anonymous_1)","decl":{"start":{"line":14,"column":12},"end":{"line":14,"column":13}},"loc":{"start":{"line":14,"column":20},"end":{"line":19,"column":13}},"line":14},"2":{"name":"(anonymous_2)","decl":{"start":{"line":21,"column":31},"end":{"line":21,"column":32}},"loc":{"start":{"line":21,"column":85},"end":{"line":24,"column":13}},"line":21},"3":{"name":"(anonymous_3)","decl":{"start":{"line":22,"column":46},"end":{"line":22,"column":47}},"loc":{"start":{"line":22,"column":54},"end":{"line":22,"column":81}},"line":22},"4":{"name":"(anonymous_4)","decl":{"start":{"line":27,"column":19},"end":{"line":27,"column":20}},"loc":{"start":{"line":27,"column":26},"end":{"line":30,"column":13}},"line":27},"5":{"name":"(anonymous_5)","decl":{"start":{"line":32,"column":28},"end":{"line":32,"column":29}},"loc":{"start":{"line":32,"column":70},"end":{"line":47,"column":13}},"line":32},"6":{"name":"(anonymous_6)","decl":{"start":{"line":35,"column":73},"end":{"line":35,"column":74}},"loc":{"start":{"line":35,"column":84},"end":{"line":39,"column":21}},"line":35},"7":{"name":"(anonymous_7)","decl":{"start":{"line":37,"column":66},"end":{"line":37,"column":67}},"loc":{"start":{"line":37,"column":74},"end":{"line":37,"column":88}},"line":37}},"branchMap":{},"s":{"0":0,"1":0,"2":0,"3":0,"4":0,"5":0,"6":0,"7":0,"8":0,"9":0,"10":0,"11":0,"12":0,"13":0},"f":{"0":0,"1":0,"2":0,"3":0,"4":0,"5":0,"6":0,"7":0},"b":{}}
,"/Users/anahitvardevanyan/Desktop/growth/src/redux/converters/pageableData.converters.ts": {"path":"/Users/anahitvardevanyan/Desktop/growth/src/redux/converters/pageableData.converters.ts","statementMap":{"0":{"start":{"line":4,"column":88},"end":{"line":11,"column":1}},"1":{"start":{"line":6,"column":8},"end":{"line":9,"column":10}}},"fnMap":{"0":{"name":"(anonymous_0)","decl":{"start":{"line":5,"column":12},"end":{"line":5,"column":13}},"loc":{"start":{"line":5,"column":27},"end":{"line":10,"column":5}},"line":5}},"branchMap":{},"s":{"0":0,"1":0},"f":{"0":0},"b":{}}
,"/Users/anahitvardevanyan/Desktop/growth/src/redux/converters/users.converters.ts": {"path":"/Users/anahitvardevanyan/Desktop/growth/src/redux/converters/users.converters.ts","statementMap":{"0":{"start":{"line":5,"column":65},"end":{"line":23,"column":1}},"1":{"start":{"line":7,"column":8},"end":{"line":21,"column":10}}},"fnMap":{"0":{"name":"(anonymous_0)","decl":{"start":{"line":6,"column":12},"end":{"line":6,"column":13}},"loc":{"start":{"line":6,"column":22},"end":{"line":22,"column":5}},"line":6}},"branchMap":{"0":{"loc":{"start":{"line":15,"column":16},"end":{"line":15,"column":35}},"type":"binary-expr","locations":[{"start":{"line":15,"column":16},"end":{"line":15,"column":29}},{"start":{"line":15,"column":33},"end":{"line":15,"column":35}}],"line":15}},"s":{"0":0,"1":0},"f":{"0":0},"b":{"0":[0,0]}}
,"/Users/anahitvardevanyan/Desktop/growth/src/redux/urls/posts.url.ts": {"path":"/Users/anahitvardevanyan/Desktop/growth/src/redux/urls/posts.url.ts","statementMap":{},"fnMap":{},"branchMap":{},"s":{},"f":{},"b":{}}
,"/Users/anahitvardevanyan/Desktop/growth/src/routes/index.tsx": {"path":"/Users/anahitvardevanyan/Desktop/growth/src/routes/index.tsx","statementMap":{"0":{"start":{"line":7,"column":15},"end":{"line":24,"column":1}},"1":{"start":{"line":8,"column":21},"end":{"line":8,"column":34}},"2":{"start":{"line":9,"column":4},"end":{"line":23,"column":20}},"3":{"start":{"line":17,"column":46},"end":{"line":17,"column":53}},"4":{"start":{"line":18,"column":28},"end":{"line":18,"column":89}}},"fnMap":{"0":{"name":"(anonymous_0)","decl":{"start":{"line":7,"column":15},"end":{"line":7,"column":16}},"loc":{"start":{"line":7,"column":21},"end":{"line":24,"column":1}},"line":7},"1":{"name":"(anonymous_1)","decl":{"start":{"line":16,"column":32},"end":{"line":16,"column":33}},"loc":{"start":{"line":16,"column":53},"end":{"line":19,"column":25}},"line":16}},"branchMap":{},"s":{"0":0,"1":0,"2":0,"3":0,"4":0},"f":{"0":0,"1":0},"b":{}}
,"/Users/anahitvardevanyan/Desktop/growth/src/routes/routes.data.ts": {"path":"/Users/anahitvardevanyan/Desktop/growth/src/routes/routes.data.ts","statementMap":{"0":{"start":{"line":4,"column":14},"end":{"line":4,"column":50}},"1":{"start":{"line":4,"column":25},"end":{"line":4,"column":49}},"2":{"start":{"line":5,"column":14},"end":{"line":5,"column":50}},"3":{"start":{"line":5,"column":25},"end":{"line":5,"column":49}},"4":{"start":{"line":6,"column":20},"end":{"line":6,"column":68}},"5":{"start":{"line":6,"column":31},"end":{"line":6,"column":67}},"6":{"start":{"line":9,"column":32},"end":{"line":25,"column":1}}},"fnMap":{"0":{"name":"(anonymous_0)","decl":{"start":{"line":4,"column":19},"end":{"line":4,"column":20}},"loc":{"start":{"line":4,"column":25},"end":{"line":4,"column":49}},"line":4},"1":{"name":"(anonymous_1)","decl":{"start":{"line":5,"column":19},"end":{"line":5,"column":20}},"loc":{"start":{"line":5,"column":25},"end":{"line":5,"column":49}},"line":5},"2":{"name":"(anonymous_2)","decl":{"start":{"line":6,"column":25},"end":{"line":6,"column":26}},"loc":{"start":{"line":6,"column":31},"end":{"line":6,"column":67}},"line":6}},"branchMap":{},"s":{"0":0,"1":0,"2":0,"3":0,"4":0,"5":0,"6":0},"f":{"0":0,"1":0,"2":0},"b":{}}
,"/Users/anahitvardevanyan/Desktop/growth/src/tests/utils.tsx": {"path":"/Users/anahitvardevanyan/Desktop/growth/src/tests/utils.tsx","statementMap":{"0":{"start":{"line":7,"column":15},"end":{"line":8,"column":121}},"1":{"start":{"line":8,"column":4},"end":{"line":8,"column":121}},"2":{"start":{"line":8,"column":47},"end":{"line":8,"column":106}}},"fnMap":{"0":{"name":"(anonymous_0)","decl":{"start":{"line":7,"column":15},"end":{"line":7,"column":16}},"loc":{"start":{"line":8,"column":4},"end":{"line":8,"column":121}},"line":8},"1":{"name":"(anonymous_1)","decl":{"start":{"line":8,"column":29},"end":{"line":8,"column":30}},"loc":{"start":{"line":8,"column":47},"end":{"line":8,"column":106}},"line":8}},"branchMap":{"0":{"loc":{"start":{"line":7,"column":34},"end":{"line":7,"column":78}},"type":"default-arg","locations":[{"start":{"line":7,"column":76},"end":{"line":7,"column":78}}],"line":7}},"s":{"0":9,"1":40,"2":40},"f":{"0":40,"1":40},"b":{"0":[40]},"_coverageSchema":"1a1c01bbd47fc00a2c39e90264f33305004495a9","hash":"f10fc7136f9f487d47a6d2d80efc14e0b2c2d48a"}
,"/Users/anahitvardevanyan/Desktop/growth/src/tests/mocks/fileMock.ts": {"path":"/Users/anahitvardevanyan/Desktop/growth/src/tests/mocks/fileMock.ts","statementMap":{"0":{"start":{"line":1,"column":0},"end":{"line":1,"column":34}}},"fnMap":{},"branchMap":{},"s":{"0":12},"f":{},"b":{},"_coverageSchema":"1a1c01bbd47fc00a2c39e90264f33305004495a9","hash":"101d08d05da8c3967f6985580f104fa3a54150ae"}
,"/Users/anahitvardevanyan/Desktop/growth/src/themeProvider/index.tsx": {"path":"/Users/anahitvardevanyan/Desktop/growth/src/themeProvider/index.tsx","statementMap":{"0":{"start":{"line":12,"column":28},"end":{"line":15,"column":2}},"1":{"start":{"line":17,"column":66},"end":{"line":45,"column":1}},"2":{"start":{"line":18,"column":44},"end":{"line":18,"column":79}},"3":{"start":{"line":20,"column":4},"end":{"line":25,"column":11}},"4":{"start":{"line":21,"column":28},"end":{"line":21,"column":77}},"5":{"start":{"line":22,"column":8},"end":{"line":24,"column":9}},"6":{"start":{"line":23,"column":12},"end":{"line":23,"column":41}},"7":{"start":{"line":27,"column":24},"end":{"line":33,"column":5}},"8":{"start":{"line":28,"column":8},"end":{"line":32,"column":11}},"9":{"start":{"line":29,"column":29},"end":{"line":29,"column":69}},"10":{"start":{"line":30,"column":12},"end":{"line":30,"column":52}},"11":{"start":{"line":31,"column":12},"end":{"line":31,"column":28}},"12":{"start":{"line":35,"column":18},"end":{"line":35,"column":67}},"13":{"start":{"line":37,"column":4},"end":{"line":44,"column":6}}},"fnMap":{"0":{"name":"(anonymous_0)","decl":{"start":{"line":13,"column":21},"end":{"line":13,"column":22}},"loc":{"start":{"line":13,"column":27},"end":{"line":13,"column":29}},"line":13},"1":{"name":"(anonymous_1)","decl":{"start":{"line":17,"column":66},"end":{"line":17,"column":67}},"loc":{"start":{"line":17,"column":84},"end":{"line":45,"column":1}},"line":17},"2":{"name":"(anonymous_2)","decl":{"start":{"line":20,"column":14},"end":{"line":20,"column":15}},"loc":{"start":{"line":20,"column":20},"end":{"line":25,"column":5}},"line":20},"3":{"name":"(anonymous_3)","decl":{"start":{"line":27,"column":24},"end":{"line":27,"column":25}},"loc":{"start":{"line":27,"column":30},"end":{"line":33,"column":5}},"line":27},"4":{"name":"(anonymous_4)","decl":{"start":{"line":28,"column":24},"end":{"line":28,"column":25}},"loc":{"start":{"line":28,"column":39},"end":{"line":32,"column":9}},"line":28}},"branchMap":{"0":{"loc":{"start":{"line":22,"column":8},"end":{"line":24,"column":9}},"type":"if","locations":[{"start":{"line":22,"column":8},"end":{"line":24,"column":9}},{"start":{},"end":{}}],"line":22},"1":{"loc":{"start":{"line":29,"column":29},"end":{"line":29,"column":69}},"type":"cond-expr","locations":[{"start":{"line":29,"column":53},"end":{"line":29,"column":59}},{"start":{"line":29,"column":62},"end":{"line":29,"column":69}}],"line":29},"2":{"loc":{"start":{"line":35,"column":18},"end":{"line":35,"column":67}},"type":"cond-expr","locations":[{"start":{"line":35,"column":45},"end":{"line":35,"column":55}},{"start":{"line":35,"column":58},"end":{"line":35,"column":67}}],"line":35}},"s":{"0":0,"1":0,"2":0,"3":0,"4":0,"5":0,"6":0,"7":0,"8":0,"9":0,"10":0,"11":0,"12":0,"13":0},"f":{"0":0,"1":0,"2":0,"3":0,"4":0},"b":{"0":[0,0],"1":[0,0],"2":[0,0]}}
,"/Users/anahitvardevanyan/Desktop/growth/src/themeProvider/styles/globalStyles.ts": {"path":"/Users/anahitvardevanyan/Desktop/growth/src/themeProvider/styles/globalStyles.ts","statementMap":{"0":{"start":{"line":3,"column":20},"end":{"line":56,"column":1}},"1":{"start":{"line":17,"column":34},"end":{"line":17,"column":53}},"2":{"start":{"line":18,"column":31},"end":{"line":18,"column":62}},"3":{"start":{"line":20,"column":37},"end":{"line":20,"column":64}},"4":{"start":{"line":21,"column":26},"end":{"line":21,"column":52}},"5":{"start":{"line":24,"column":33},"end":{"line":24,"column":55}},"6":{"start":{"line":26,"column":37},"end":{"line":26,"column":59}},"7":{"start":{"line":32,"column":38},"end":{"line":32,"column":55}},"8":{"start":{"line":50,"column":36},"end":{"line":50,"column":62}}},"fnMap":{"0":{"name":"(anonymous_0)","decl":{"start":{"line":17,"column":21},"end":{"line":17,"column":22}},"loc":{"start":{"line":17,"column":34},"end":{"line":17,"column":53}},"line":17},"1":{"name":"(anonymous_1)","decl":{"start":{"line":18,"column":22},"end":{"line":18,"column":23}},"loc":{"start":{"line":18,"column":31},"end":{"line":18,"column":62}},"line":18},"2":{"name":"(anonymous_2)","decl":{"start":{"line":20,"column":26},"end":{"line":20,"column":27}},"loc":{"start":{"line":20,"column":37},"end":{"line":20,"column":64}},"line":20},"3":{"name":"(anonymous_3)","decl":{"start":{"line":21,"column":15},"end":{"line":21,"column":16}},"loc":{"start":{"line":21,"column":26},"end":{"line":21,"column":52}},"line":21},"4":{"name":"(anonymous_4)","decl":{"start":{"line":24,"column":22},"end":{"line":24,"column":23}},"loc":{"start":{"line":24,"column":33},"end":{"line":24,"column":55}},"line":24},"5":{"name":"(anonymous_5)","decl":{"start":{"line":26,"column":26},"end":{"line":26,"column":27}},"loc":{"start":{"line":26,"column":37},"end":{"line":26,"column":59}},"line":26},"6":{"name":"(anonymous_6)","decl":{"start":{"line":32,"column":23},"end":{"line":32,"column":24}},"loc":{"start":{"line":32,"column":38},"end":{"line":32,"column":55}},"line":32},"7":{"name":"(anonymous_7)","decl":{"start":{"line":50,"column":21},"end":{"line":50,"column":22}},"loc":{"start":{"line":50,"column":36},"end":{"line":50,"column":62}},"line":50}},"branchMap":{},"s":{"0":0,"1":0,"2":0,"3":0,"4":0,"5":0,"6":0,"7":0,"8":0},"f":{"0":0,"1":0,"2":0,"3":0,"4":0,"5":0,"6":0,"7":0},"b":{}}
,"/Users/anahitvardevanyan/Desktop/growth/src/themeProvider/themes/darkTheme.ts": {"path":"/Users/anahitvardevanyan/Desktop/growth/src/themeProvider/themes/darkTheme.ts","statementMap":{"0":{"start":{"line":6,"column":39},"end":{"line":68,"column":1}}},"fnMap":{},"branchMap":{},"s":{"0":9},"f":{},"b":{},"_coverageSchema":"1a1c01bbd47fc00a2c39e90264f33305004495a9","hash":"d85c307797fef69642233a16a641da81434d536f"}
,"/Users/anahitvardevanyan/Desktop/growth/src/themeProvider/themes/lightTheme.ts": {"path":"/Users/anahitvardevanyan/Desktop/growth/src/themeProvider/themes/lightTheme.ts","statementMap":{"0":{"start":{"line":12,"column":40},"end":{"line":80,"column":1}}},"fnMap":{},"branchMap":{},"s":{"0":9},"f":{},"b":{},"_coverageSchema":"1a1c01bbd47fc00a2c39e90264f33305004495a9","hash":"2bd852d2a8de562d2df5be6247e9b030542cba00"}
,"/Users/anahitvardevanyan/Desktop/growth/src/themeProvider/variables/boxShadows.ts": {"path":"/Users/anahitvardevanyan/Desktop/growth/src/themeProvider/variables/boxShadows.ts","statementMap":{"0":{"start":{"line":1,"column":26},"end":{"line":4,"column":1}}},"fnMap":{},"branchMap":{},"s":{"0":9},"f":{},"b":{},"_coverageSchema":"1a1c01bbd47fc00a2c39e90264f33305004495a9","hash":"cc8d3b175d136dab020ac2857e321cda805fbee1"}
,"/Users/anahitvardevanyan/Desktop/growth/src/themeProvider/variables/colors.ts": {"path":"/Users/anahitvardevanyan/Desktop/growth/src/themeProvider/variables/colors.ts","statementMap":{"0":{"start":{"line":3,"column":22},"end":{"line":40,"column":1}}},"fnMap":{},"branchMap":{},"s":{"0":9},"f":{},"b":{},"_coverageSchema":"1a1c01bbd47fc00a2c39e90264f33305004495a9","hash":"0beafc6eec203d4081e029ef16705e27a5a538df"}
,"/Users/anahitvardevanyan/Desktop/growth/src/themeProvider/variables/fontSizes.ts": {"path":"/Users/anahitvardevanyan/Desktop/growth/src/themeProvider/variables/fontSizes.ts","statementMap":{"0":{"start":{"line":2,"column":25},"end":{"line":9,"column":1}}},"fnMap":{},"branchMap":{},"s":{"0":9},"f":{},"b":{},"_coverageSchema":"1a1c01bbd47fc00a2c39e90264f33305004495a9","hash":"d488c224fd749ad12e7ed18692ca23b7095adc1d"}
,"/Users/anahitvardevanyan/Desktop/growth/src/themeProvider/variables/fontWeights.ts": {"path":"/Users/anahitvardevanyan/Desktop/growth/src/themeProvider/variables/fontWeights.ts","statementMap":{"0":{"start":{"line":1,"column":27},"end":{"line":7,"column":1}}},"fnMap":{},"branchMap":{},"s":{"0":9},"f":{},"b":{},"_coverageSchema":"1a1c01bbd47fc00a2c39e90264f33305004495a9","hash":"74096b86407220b13c6652d7820cc6bde23aecf5"}
,"/Users/anahitvardevanyan/Desktop/growth/src/themeProvider/variables/fonts.ts": {"path":"/Users/anahitvardevanyan/Desktop/growth/src/themeProvider/variables/fonts.ts","statementMap":{"0":{"start":{"line":1,"column":21},"end":{"line":3,"column":1}}},"fnMap":{},"branchMap":{},"s":{"0":9},"f":{},"b":{},"_coverageSchema":"1a1c01bbd47fc00a2c39e90264f33305004495a9","hash":"ee9b8eff55dd587f312d44f1019b3fc7d1ca109e"}
,"/Users/anahitvardevanyan/Desktop/growth/src/themeProvider/variables/mediaSizes.ts": {"path":"/Users/anahitvardevanyan/Desktop/growth/src/themeProvider/variables/mediaSizes.ts","statementMap":{"0":{"start":{"line":3,"column":20},"end":{"line":10,"column":1}},"1":{"start":{"line":14,"column":26},"end":{"line":23,"column":1}},"2":{"start":{"line":15,"column":4},"end":{"line":22,"column":6}}},"fnMap":{"0":{"name":"(anonymous_0)","decl":{"start":{"line":14,"column":26},"end":{"line":14,"column":27}},"loc":{"start":{"line":14,"column":64},"end":{"line":23,"column":1}},"line":14}},"branchMap":{},"s":{"0":9,"1":9,"2":1},"f":{"0":1},"b":{},"_coverageSchema":"1a1c01bbd47fc00a2c39e90264f33305004495a9","hash":"3503fb18f5e65f28fcd1957b9321a1c43ce1910d"}
,"/Users/anahitvardevanyan/Desktop/growth/src/themeProvider/variables/radiuses.ts": {"path":"/Users/anahitvardevanyan/Desktop/growth/src/themeProvider/variables/radiuses.ts","statementMap":{"0":{"start":{"line":2,"column":24},"end":{"line":9,"column":1}}},"fnMap":{},"branchMap":{},"s":{"0":9},"f":{},"b":{},"_coverageSchema":"1a1c01bbd47fc00a2c39e90264f33305004495a9","hash":"24bb407ae201e6d4cf9c974923be098e4cdaec0b"}
,"/Users/anahitvardevanyan/Desktop/growth/src/themeProvider/variables/spacings.ts": {"path":"/Users/anahitvardevanyan/Desktop/growth/src/themeProvider/variables/spacings.ts","statementMap":{"0":{"start":{"line":1,"column":24},"end":{"line":8,"column":1}}},"fnMap":{},"branchMap":{},"s":{"0":9},"f":{},"b":{},"_coverageSchema":"1a1c01bbd47fc00a2c39e90264f33305004495a9","hash":"bba33aad57712798212780be9100f427c67c4d26"}
}
